#
# A fatal error has been detected by the Java Runtime Environment:
#
#  EXCEPTION_ACCESS_VIOLATION (0xc0000005) at pc=0x00007ffd998ee0a9, pid=13668, tid=16156
#
# JRE version: OpenJDK Runtime Environment (20.0+36) (build 20+36-2344)
# Java VM: OpenJDK 64-Bit Server VM (20+36-2344, mixed mode, sharing, tiered, compressed oops, compressed class ptrs, g1 gc, windows-amd64)
# Problematic frame:
# V  [jvm.dll+0x35e0a9]
#
# No core dump will be written. Minidumps are not enabled by default on client versions of Windows
#
# If you would like to submit a bug report, please visit:
#   https://bugreport.java.com/bugreport/crash.jsp
#

---------------  S U M M A R Y ------------

Command Line: -javaagent:C:\Users\kenny\AppData\Local\JetBrains\IdeaIC2022.3\testAgent\intellij-coverage-agent-1.0.682.jar=C:\Users\kenny\AppData\Local\Temp\coverageargs -Didea.new.sampling.coverage=true -Dcoverage.ignore.private.constructor.util.class=true -javaagent:C:\Program Files\JetBrains\IntelliJ IDEA Community Edition 2022.3.3\lib\idea_rt.jar=52513:C:\Program Files\JetBrains\IntelliJ IDEA Community Edition 2022.3.3\bin -Dfile.encoding=UTF-8 -Dsun.stdout.encoding=UTF-8 -Dsun.stderr.encoding=UTF-8 com.example.Javatest.JavatestApplication

Host: Intel(R) Core(TM) i7-9750H CPU @ 2.60GHz, 12 cores, 15G,  Windows 11 , 64 bit Build 22621 (10.0.22621.1485)
Time: Mon Apr 17 00:25:54 2023 Hora de verano romance elapsed time: 0.994522 seconds (0d 0h 0m 0s)

---------------  T H R E A D  ---------------

Current thread (0x0000024c8311c490):  WorkerThread "GC Thread#0" [stack: 0x000000ca06400000,0x000000ca06500000] [id=16156]

Stack: [0x000000ca06400000,0x000000ca06500000],  sp=0x000000ca064fe3e0,  free space=1016k
Native frames: (J=compiled Java code, j=interpreted, Vv=VM code, C=native code)
V  [jvm.dll+0x35e0a9]
V  [jvm.dll+0x35a75e]
V  [jvm.dll+0x36c482]
V  [jvm.dll+0x46992a]
V  [jvm.dll+0x3173dc]
V  [jvm.dll+0x3f19b5]
V  [jvm.dll+0x7f4c86]
V  [jvm.dll+0x7fe811]
V  [jvm.dll+0x36ca1a]
V  [jvm.dll+0x36c8b4]
V  [jvm.dll+0x373eb4]
V  [jvm.dll+0x37402b]
V  [jvm.dll+0x875777]
V  [jvm.dll+0x7f4906]
V  [jvm.dll+0x6ba5cb]
C  [ucrtbase.dll+0x29363]
C  [KERNEL32.DLL+0x1269d]
C  [ntdll.dll+0x5a9f8]

JavaThread 0x0000024c830a7500 (nid = 13260) was being processed
Java frames: (J=compiled Java code, j=interpreted, Vv=VM code)
j  java.lang.Object.wait0(J)V+0 java.base@20
j  java.lang.Object.wait(J)V+6 java.base@20
j  java.lang.Thread.join(J)V+129 java.base@20
j  java.lang.Thread.join()V+2 java.base@20
j  org.springframework.boot.devtools.restart.Restarter$LeakSafeThread.callAndWait(Ljava/util/concurrent/Callable;)Ljava/lang/Object;+10
j  org.springframework.boot.devtools.restart.Restarter.immediateRestart()V+10
j  org.springframework.boot.devtools.restart.Restarter.initialize(Z)V+44
j  org.springframework.boot.devtools.restart.Restarter.initialize([Ljava/lang/String;ZLorg/springframework/boot/devtools/restart/RestartInitializer;Z)V+58
j  org.springframework.boot.devtools.restart.RestartApplicationListener.onApplicationStartingEvent(Lorg/springframework/boot/context/event/ApplicationStartingEvent;)V+98
j  org.springframework.boot.devtools.restart.RestartApplicationListener.onApplicationEvent(Lorg/springframework/context/ApplicationEvent;)V+14
j  org.springframework.context.event.SimpleApplicationEventMulticaster.doInvokeListener(Lorg/springframework/context/ApplicationListener;Lorg/springframework/context/ApplicationEvent;)V+2
j  org.springframework.context.event.SimpleApplicationEventMulticaster.invokeListener(Lorg/springframework/context/ApplicationListener;Lorg/springframework/context/ApplicationEvent;)V+34
j  org.springframework.context.event.SimpleApplicationEventMulticaster.multicastEvent(Lorg/springframework/context/ApplicationEvent;Lorg/springframework/core/ResolvableType;)V+83
j  org.springframework.context.event.SimpleApplicationEventMulticaster.multicastEvent(Lorg/springframework/context/ApplicationEvent;)V+7
j  org.springframework.boot.context.event.EventPublishingRunListener.multicastInitialEvent(Lorg/springframework/context/ApplicationEvent;)V+9
j  org.springframework.boot.context.event.EventPublishingRunListener.starting(Lorg/springframework/boot/ConfigurableBootstrapContext;)V+17
j  org.springframework.boot.SpringApplicationRunListeners.lambda$starting$0(Lorg/springframework/boot/ConfigurableBootstrapContext;Lorg/springframework/boot/SpringApplicationRunListener;)V+2
j  org.springframework.boot.SpringApplicationRunListeners$$Lambda$75+0x000000080108e7f8.accept(Ljava/lang/Object;)V+8
j  java.lang.Iterable.forEach(Ljava/util/function/Consumer;)V+30 java.base@20
j  org.springframework.boot.SpringApplicationRunListeners.doWithListeners(Ljava/lang/String;Ljava/util/function/Consumer;Ljava/util/function/Consumer;)V+17
j  org.springframework.boot.SpringApplicationRunListeners.starting(Lorg/springframework/boot/ConfigurableBootstrapContext;Ljava/lang/Class;)V+15
j  org.springframework.boot.SpringApplication.run([Ljava/lang/String;)Lorg/springframework/context/ConfigurableApplicationContext;+32
j  org.springframework.boot.SpringApplication.run([Ljava/lang/Class;[Ljava/lang/String;)Lorg/springframework/context/ConfigurableApplicationContext;+9
j  org.springframework.boot.SpringApplication.run(Ljava/lang/Class;[Ljava/lang/String;)Lorg/springframework/context/ConfigurableApplicationContext;+9
j  com.example.Javatest.JavatestApplication.main([Ljava/lang/String;)V+18
v  ~StubRoutines::call_stub 0x0000024c9268100d

siginfo: EXCEPTION_ACCESS_VIOLATION (0xc0000005), reading address 0x0000000000002000


Registers:
RAX=0x0000000000000000, RBX=0x0000024ca7e56290, RCX=0x0000000000000015, RDX=0x0000000000000000
RSP=0x000000ca064fe3e0, RBP=0x000000000000010a, RSI=0x0000024c830dbac0, RDI=0x0000000710601374
R8 =0x0000000710601330, R9 =0x0000000000000010, R10=0x0000000000002000, R11=0x0000000000000001
R12=0x0000024c830bbf88, R13=0x00000000000003d8, R14=0x0000000000000040, R15=0x0000000000000000
RIP=0x00007ffd998ee0a9, EFLAGS=0x0000000000010246


Register to memory mapping:

RIP=0x00007ffd998ee0a9 jvm.dll
RAX=0x0 is NULL
RBX=0x0000024ca7e56290 points into unknown readable memory: 0x00007ffd99f15aa0 | a0 5a f1 99 fd 7f 00 00
RCX=0x0000000000000015 is an unknown value
RDX=0x0 is NULL
RSP=0x000000ca064fe3e0 points into unknown readable memory: 0x0000024ca7e50000 | 00 00 e5 a7 4c 02 00 00
RBP=0x000000000000010a is an unknown value
RSI=0x0000024c830dbac0 points into unknown readable memory: 0x0000000000000000 | 00 00 00 00 00 00 00 00
RDI=
[error occurred during error reporting (printing register info), id 0xc0000005, EXCEPTION_ACCESS_VIOLATION (0xc0000005) at pc=0x00007ffd996d06b6]
Top of Stack: (sp=0x000000ca064fe3e0)
0x000000ca064fe3e0:   0000024ca7e50000 0000024c830d0001
0x000000ca064fe3f0:   0000000700000000 0000000000000050
0x000000ca064fe400:   0000024ca7585490 0000024ca7c197e8
0x000000ca064fe410:   0000024ca7c197e8 0000024c830a8130
0x000000ca064fe420:   0000024c830a8130 00007ffd998ea75e
0x000000ca064fe430:   0000000000000000 0000024ca7e56290
0x000000ca064fe440:   0000024ca7c197e8 00000000000003d8
0x000000ca064fe450:   000000000096c19b 0000000093c688b3
0x000000ca064fe460:   0000024c830a8130 0000024c830a8130
0x000000ca064fe470:   0000024c830a8130 00007ffd998fc482
0x000000ca064fe480:   0000000000000000 0000000000000100
0x000000ca064fe490:   00000b7500000000 00000000000000d0
0x000000ca064fe4a0:   0000000000000000 00007ffd999f992a
0x000000ca064fe4b0:   0000024c830a8130 000000ca064fe630
0x000000ca064fe4c0:   0000024ca7c19890 0000024c830bbf88
0x000000ca064fe4d0:   0000024ca7c197e8 00007ffd998a73dc
0x000000ca064fe4e0:   0000000000000000 0000024ca7c19890
0x000000ca064fe4f0:   000000ca064fe630 0000024ca7c197e8
0x000000ca064fe500:   000000ca064fe5f0 0000000000000000
0x000000ca064fe510:   0000000000000000 0000000000000000
0x000000ca064fe520:   000000ca064fe5f0 00007ffd998a8e94
0x000000ca064fe530:   000000ca064fe668 000000ca064fe630
0x000000ca064fe540:   0000000000000000 0000000000000000
0x000000ca064fe550:   0000024c9268100d 0000000000000000
0x000000ca064fe560:   0000024ca7585490 0000024ca7c197e0
0x000000ca064fe570:   0000024c830bbf88 00007ffd9973dcf7
0x000000ca064fe580:   000000ca064fe630 0000024ca7c197e8
0x000000ca064fe590:   0000024ca7c197e0 0000024ca7c197e8
0x000000ca064fe5a0:   0000024ca7c19890 00007ffd999819b5
0x000000ca064fe5b0:   0000000000000000 0000024ca7c19890
0x000000ca064fe5c0:   0000000000000000 0000000000000000
0x000000ca064fe5d0:   0000000000000000 000000ca064fe668 

Instructions: (pc=0x00007ffd998ee0a9)
0x00007ffd998edfa9:   fd ff ff 48 8d 57 fe 48 8b cb e8 88 f3 ff ff e9
0x00007ffd998edfb9:   d3 fd ff ff 0f 1f 00 48 8b 73 10 8b ae 80 00 00
0x00007ffd998edfc9:   00 8b cd 8b 86 00 01 00 00 2b c8 81 e1 ff ff 01
0x00007ffd998edfd9:   00 41 3b ce 0f 86 4b 02 00 00 ff cd 81 e5 ff ff
0x00007ffd998edfe9:   01 00 89 ae 80 00 00 00 e8 9a ee 34 00 90 8b d5
0x00007ffd998edff9:   48 8b 86 80 01 00 00 8b cd 48 8b 3c e8 8b 86 00
0x00007ffd998ee009:   01 00 00 2b c8 81 e1 ff ff 01 00 81 f9 ff ff 01
0x00007ffd998ee019:   00 41 0f 44 cf 85 c9 75 3d 90 89 6c 24 50 48 8b
0x00007ffd998ee029:   86 00 01 00 00 48 8b c8 48 c1 e9 20 ff c1 89 4c
0x00007ffd998ee039:   24 54 3b e8 0f 85 d9 01 00 00 48 c1 e1 20 48 0b
0x00007ffd998ee049:   ca f0 48 0f b1 8e 00 01 00 00 0f 85 c3 01 00 00
0x00007ffd998ee059:   8b 86 00 01 00 00 40 f6 c7 01 0f 84 a7 00 00 00
0x00007ffd998ee069:   8b 0d 69 4f 7e 00 48 ff cf 48 8b 43 08 44 8b 17
0x00007ffd998ee079:   49 d3 e2 8b 88 d0 05 00 00 48 8b 80 c0 05 00 00
0x00007ffd998ee089:   4c 03 15 40 4f 7e 00 49 8b d2 48 d3 ea 0f b7 14
0x00007ffd998ee099:   50 0f b7 c2 66 c1 e8 08 84 c0 0f 88 17 ff ff ff
0x00007ffd998ee0a9:   4d 8b 02 41 0f b6 c0 24 03 3c 03 75 06 49 83 e0
0x00007ffd998ee0b9:   fc eb 11 4d 8b c8 48 8b cb 4d 8b c2 e8 46 ed ff
0x00007ffd998ee0c9:   ff 4c 8b c0 8b 0d 05 4f 7e 00 49 8b d0 48 2b 15
0x00007ffd998ee0d9:   f3 4e 7e 00 48 d3 ea 89 17 49 8b d0 8b 0d a5 30
0x00007ffd998ee0e9:   85 00 48 33 d7 48 d3 ea 48 85 d2 0f 84 c6 fe ff
0x00007ffd998ee0f9:   ff 48 8b 43 08 8b 88 d0 05 00 00 4c 8b 88 c0 05
0x00007ffd998ee109:   00 00 e9 87 00 00 00 40 f6 c7 03 0f 85 f1 00 00
0x00007ffd998ee119:   00 48 8b 43 08 4c 8b 17 49 8b d2 8b 88 d0 05 00
0x00007ffd998ee129:   00 48 8b 80 c0 05 00 00 48 d3 ea 0f b7 14 50 0f
0x00007ffd998ee139:   b7 c2 66 c1 e8 08 84 c0 0f 88 79 fe ff ff 4d 8b
0x00007ffd998ee149:   02 41 0f b6 c0 24 03 3c 03 75 06 49 83 e0 fc eb
0x00007ffd998ee159:   11 4d 8b c8 48 8b cb 4d 8b c2 e8 a8 ec ff ff 4c
0x00007ffd998ee169:   8b c0 49 8b d0 4c 89 07 8b 0d 19 30 85 00 48 33
0x00007ffd998ee179:   d7 48 d3 ea 48 85 d2 0f 84 3a fe ff ff 48 8b 53
0x00007ffd998ee189:   08 8b 8a d0 05 00 00 4c 8b 8a c0 05 00 00 48 8b
0x00007ffd998ee199:   c7 48 d3 e8 41 0f b7 14 41 66 c1 ea 08 80 fa fe 


Stack slot to memory mapping:
stack at sp + 0 slots: 0x0000024ca7e50000 points into unknown readable memory: 0x6a5f000956600001 | 01 00 60 56 09 00 5f 6a
stack at sp + 1 slots: 0x0000024c830d0001 points into unknown readable memory: 7e 57 1d ff ff ff ff
stack at sp + 2 slots: 0x0000000700000000 is an unknown value
stack at sp + 3 slots: 0x0000000000000050 is an unknown value
stack at sp + 4 slots: 0x0000024ca7585490 points into unknown readable memory: 0x0000024c0000000a | 0a 00 00 00 4c 02 00 00
stack at sp + 5 slots: 0x0000024ca7c197e8 points into unknown readable memory: 0x00007ffd99f17948 | 48 79 f1 99 fd 7f 00 00
stack at sp + 6 slots: 0x0000024ca7c197e8 points into unknown readable memory: 0x00007ffd99f17948 | 48 79 f1 99 fd 7f 00 00
stack at sp + 7 slots: 0x0000024c830a8130 points into unknown readable memory: 0x0000000702a99e08 | 08 9e a9 02 07 00 00 00


---------------  P R O C E S S  ---------------

Threads class SMR info:
_java_thread_list=0x0000024ca7c9ae20, length=17, elements={
0x0000024c830a7500, 0x0000024ca2ad8e10, 0x0000024ca2ad9b60, 0x0000024ca2adeba0,
0x0000024ca2adf4e0, 0x0000024ca2ae07d0, 0x0000024ca2ae5ee0, 0x0000024ca2af58b0,
0x0000024ca2af9f80, 0x0000024ca2ae6430, 0x0000024ca6f4f750, 0x0000024ca2ae6980,
0x0000024ca2ae4ef0, 0x0000024ca2ae5990, 0x0000024ca7b96060, 0x0000024ca7c7a8c0,
0x0000024ca7b945d0
}

Java Threads: ( => current thread )
  0x0000024c830a7500 JavaThread "main" [_thread_blocked, id=13260, stack(0x000000ca06300000,0x000000ca06400000)]
  0x0000024ca2ad8e10 JavaThread "Reference Handler" daemon [_thread_blocked, id=13820, stack(0x000000ca06a00000,0x000000ca06b00000)]
  0x0000024ca2ad9b60 JavaThread "Finalizer" daemon [_thread_blocked, id=15728, stack(0x000000ca06b00000,0x000000ca06c00000)]
  0x0000024ca2adeba0 JavaThread "Signal Dispatcher" daemon [_thread_blocked, id=4048, stack(0x000000ca06c00000,0x000000ca06d00000)]
  0x0000024ca2adf4e0 JavaThread "Attach Listener" daemon [_thread_blocked, id=3688, stack(0x000000ca06d00000,0x000000ca06e00000)]
  0x0000024ca2ae07d0 JavaThread "Service Thread" daemon [_thread_blocked, id=13160, stack(0x000000ca06e00000,0x000000ca06f00000)]
  0x0000024ca2ae5ee0 JavaThread "Monitor Deflation Thread" daemon [_thread_blocked, id=6528, stack(0x000000ca06f00000,0x000000ca07000000)]
  0x0000024ca2af58b0 JavaThread "C2 CompilerThread0" daemon [_thread_blocked, id=6856, stack(0x000000ca07000000,0x000000ca07100000)]
  0x0000024ca2af9f80 JavaThread "C1 CompilerThread0" daemon [_thread_blocked, id=4948, stack(0x000000ca07100000,0x000000ca07200000)]
  0x0000024ca2ae6430 JavaThread "Common-Cleaner" daemon [_thread_blocked, id=1892, stack(0x000000ca07200000,0x000000ca07300000)]
  0x0000024ca6f4f750 JavaThread "C2 CompilerThread1" daemon [_thread_blocked, id=4744, stack(0x000000ca07300000,0x000000ca07400000)]
  0x0000024ca2ae6980 JavaThread "Monitor Ctrl-Break" daemon [_thread_in_native, id=2144, stack(0x000000ca07400000,0x000000ca07500000)]
  0x0000024ca2ae4ef0 JavaThread "Notification Thread" daemon [_thread_blocked, id=13092, stack(0x000000ca07500000,0x000000ca07600000)]
  0x0000024ca2ae5990 JavaThread "Thread-2" [_thread_blocked, id=17404, stack(0x000000ca07e00000,0x000000ca07f00000)]
  0x0000024ca7b96060 JavaThread "restartedMain" [_thread_blocked, id=2364, stack(0x000000ca07f00000,0x000000ca08000000)]
  0x0000024ca7c7a8c0 JavaThread "C2 CompilerThread2" daemon [_thread_blocked, id=9340, stack(0x000000ca08000000,0x000000ca08100000)]
  0x0000024ca7b945d0 JavaThread "background-preinit" [_thread_blocked, id=8136, stack(0x000000ca08100000,0x000000ca08200000)]

Other Threads:
  0x0000024ca2aba700 VMThread "VM Thread" [stack: 0x000000ca06900000,0x000000ca06a00000] [id=15628]
  0x0000024ca721a310 WatcherThread "VM Periodic Task Thread" [stack: 0x000000ca07600000,0x000000ca07700000] [id=12792]
=>0x0000024c8311c490 WorkerThread "GC Thread#0" [stack: 0x000000ca06400000,0x000000ca06500000] [id=16156]
  0x0000024ca75a91f0 WorkerThread "GC Thread#1" [stack: 0x000000ca07700000,0x000000ca07800000] [id=16708]
  0x0000024ca75a86b0 WorkerThread "GC Thread#2" [stack: 0x000000ca07800000,0x000000ca07900000] [id=14012]
  0x0000024ca75a8980 WorkerThread "GC Thread#3" [stack: 0x000000ca07900000,0x000000ca07a00000] [id=4320]
  0x0000024ca75a9790 WorkerThread "GC Thread#4" [stack: 0x000000ca07a00000,0x000000ca07b00000] [id=15164]
  0x0000024ca75a8110 WorkerThread "GC Thread#5" [stack: 0x000000ca07b00000,0x000000ca07c00000] [id=16788]
  0x0000024ca75a83e0 WorkerThread "GC Thread#6" [stack: 0x000000ca07c00000,0x000000ca07d00000] [id=5592]
  0x0000024ca75a8f20 WorkerThread "GC Thread#7" [stack: 0x000000ca07d00000,0x000000ca07e00000] [id=8092]
  0x0000024c8312cd40 ConcurrentGCThread "G1 Main Marker" [stack: 0x000000ca06500000,0x000000ca06600000] [id=16940]
  0x0000024c8312d420 WorkerThread "G1 Conc#0" [stack: 0x000000ca06600000,0x000000ca06700000] [id=4820]
  0x0000024ca297ad50 ConcurrentGCThread "G1 Refine#0" [stack: 0x000000ca06700000,0x000000ca06800000] [id=8040]
  0x0000024ca297b690 ConcurrentGCThread "G1 Service" [stack: 0x000000ca06800000,0x000000ca06900000] [id=4308]

Threads with active compile tasks:
C2 CompilerThread1     1048 1723 % !   4       java.util.concurrent.ConcurrentHashMap::transfer @ 437 (849 bytes)

VM state: at safepoint (normal execution)

VM Mutex/Monitor currently owned by a thread:  ([mutex/lock_event])
[0x0000024c830a3a80] Threads_lock - owner thread: 0x0000024ca2aba700
[0x0000024c830a4020] Heap_lock - owner thread: 0x0000024ca7b945d0

Heap address: 0x0000000702800000, size: 4056 MB, Compressed Oops mode: Zero based, Oop shift amount: 3

CDS archive(s) mapped at: [0x0000000800000000-0x0000000800c60000-0x0000000800c60000), size 12976128, SharedBaseAddress: 0x0000000800000000, ArchiveRelocationMode: 0.
Compressed class space mapped at: 0x0000000801000000-0x0000000841000000, reserved size: 1073741824
Narrow klass base: 0x0000000800000000, Narrow klass shift: 0, Narrow klass range: 0x100000000

GC Precious Log:
 CardTable entry size: 512
 Card Set container configuration: InlinePtr #cards 4 size 8 Array Of Cards #cards 16 size 48 Howl #buckets 8 coarsen threshold 3686 Howl Bitmap #cards 512 size 80 coarsen threshold 460 Card regions per heap region 1 cards per card region 4096
 CPUs: 12 total, 12 available
 Memory: 16221M
 Large Page Support: Disabled
 NUMA Support: Disabled
 Compressed Oops: Enabled (Zero based)
 Heap Region Size: 2M
 Heap Min Capacity: 8M
 Heap Initial Capacity: 254M
 Heap Max Capacity: 4056M
 Pre-touch: Disabled
 Parallel Workers: 10
 Concurrent Workers: 3
 Concurrent Refinement Workers: 10
 Periodic GC: Disabled

Heap:
 garbage-first heap   total 260096K, used 33301K [0x0000000702800000, 0x0000000800000000)
  region size 2048K, 14 young (28672K), 1 survivors (2048K)
 Metaspace       used 11122K, committed 11392K, reserved 1114112K
  class space    used 1299K, committed 1408K, reserved 1048576K

Heap Regions: E=young(eden), S=young(survivor), O=old, HS=humongous(starts), HC=humongous(continues), CS=collection set, F=free, OA=open archive, CA=closed archive, TAMS=top-at-mark-start, PB=parsable bottom
|   0|0x0000000702800000, 0x0000000702a00000, 0x0000000702a00000|100%| O|  |TAMS 0x0000000702800000| PB 0x0000000702800000| Untracked 
|   1|0x0000000702a00000, 0x0000000702c00000, 0x0000000702c00000|100%| O|  |TAMS 0x0000000702a00000| PB 0x0000000702a00000| Untracked 
|   2|0x0000000702c00000, 0x0000000702e00000, 0x0000000702e00000|100%| O|  |TAMS 0x0000000702c00000| PB 0x0000000702c00000| Untracked 
|   3|0x0000000702e00000, 0x0000000702ee05f0, 0x0000000703000000| 43%| O|  |TAMS 0x0000000702e00000| PB 0x0000000702e00000| Untracked 
|   4|0x0000000703000000, 0x0000000703000000, 0x0000000703200000|  0%| F|  |TAMS 0x0000000703000000| PB 0x0000000703000000| Untracked 
|   5|0x0000000703200000, 0x0000000703200000, 0x0000000703400000|  0%| F|  |TAMS 0x0000000703200000| PB 0x0000000703200000| Untracked 
|   6|0x0000000703400000, 0x0000000703400000, 0x0000000703600000|  0%| F|  |TAMS 0x0000000703400000| PB 0x0000000703400000| Untracked 
|   7|0x0000000703600000, 0x0000000703600000, 0x0000000703800000|  0%| F|  |TAMS 0x0000000703600000| PB 0x0000000703600000| Untracked 
|   8|0x0000000703800000, 0x0000000703800000, 0x0000000703a00000|  0%| F|  |TAMS 0x0000000703800000| PB 0x0000000703800000| Untracked 
|   9|0x0000000703a00000, 0x0000000703a00000, 0x0000000703c00000|  0%| F|  |TAMS 0x0000000703a00000| PB 0x0000000703a00000| Untracked 
|  10|0x0000000703c00000, 0x0000000703c00000, 0x0000000703e00000|  0%| F|  |TAMS 0x0000000703c00000| PB 0x0000000703c00000| Untracked 
|  11|0x0000000703e00000, 0x0000000703e00000, 0x0000000704000000|  0%| F|  |TAMS 0x0000000703e00000| PB 0x0000000703e00000| Untracked 
|  12|0x0000000704000000, 0x0000000704000000, 0x0000000704200000|  0%| F|  |TAMS 0x0000000704000000| PB 0x0000000704000000| Untracked 
|  13|0x0000000704200000, 0x0000000704200000, 0x0000000704400000|  0%| F|  |TAMS 0x0000000704200000| PB 0x0000000704200000| Untracked 
|  14|0x0000000704400000, 0x0000000704400000, 0x0000000704600000|  0%| F|  |TAMS 0x0000000704400000| PB 0x0000000704400000| Untracked 
|  15|0x0000000704600000, 0x0000000704600000, 0x0000000704800000|  0%| F|  |TAMS 0x0000000704600000| PB 0x0000000704600000| Untracked 
|  16|0x0000000704800000, 0x0000000704800000, 0x0000000704a00000|  0%| F|  |TAMS 0x0000000704800000| PB 0x0000000704800000| Untracked 
|  17|0x0000000704a00000, 0x0000000704a00000, 0x0000000704c00000|  0%| F|  |TAMS 0x0000000704a00000| PB 0x0000000704a00000| Untracked 
|  18|0x0000000704c00000, 0x0000000704c00000, 0x0000000704e00000|  0%| F|  |TAMS 0x0000000704c00000| PB 0x0000000704c00000| Untracked 
|  19|0x0000000704e00000, 0x0000000704e00000, 0x0000000705000000|  0%| F|  |TAMS 0x0000000704e00000| PB 0x0000000704e00000| Untracked 
|  20|0x0000000705000000, 0x0000000705000000, 0x0000000705200000|  0%| F|  |TAMS 0x0000000705000000| PB 0x0000000705000000| Untracked 
|  21|0x0000000705200000, 0x0000000705200000, 0x0000000705400000|  0%| F|  |TAMS 0x0000000705200000| PB 0x0000000705200000| Untracked 
|  22|0x0000000705400000, 0x0000000705400000, 0x0000000705600000|  0%| F|  |TAMS 0x0000000705400000| PB 0x0000000705400000| Untracked 
|  23|0x0000000705600000, 0x0000000705600000, 0x0000000705800000|  0%| F|  |TAMS 0x0000000705600000| PB 0x0000000705600000| Untracked 
|  24|0x0000000705800000, 0x0000000705800000, 0x0000000705a00000|  0%| F|  |TAMS 0x0000000705800000| PB 0x0000000705800000| Untracked 
|  25|0x0000000705a00000, 0x0000000705a00000, 0x0000000705c00000|  0%| F|  |TAMS 0x0000000705a00000| PB 0x0000000705a00000| Untracked 
|  26|0x0000000705c00000, 0x0000000705c00000, 0x0000000705e00000|  0%| F|  |TAMS 0x0000000705c00000| PB 0x0000000705c00000| Untracked 
|  27|0x0000000705e00000, 0x0000000705e00000, 0x0000000706000000|  0%| F|  |TAMS 0x0000000705e00000| PB 0x0000000705e00000| Untracked 
|  28|0x0000000706000000, 0x0000000706000000, 0x0000000706200000|  0%| F|  |TAMS 0x0000000706000000| PB 0x0000000706000000| Untracked 
|  29|0x0000000706200000, 0x0000000706200000, 0x0000000706400000|  0%| F|  |TAMS 0x0000000706200000| PB 0x0000000706200000| Untracked 
|  30|0x0000000706400000, 0x0000000706400000, 0x0000000706600000|  0%| F|  |TAMS 0x0000000706400000| PB 0x0000000706400000| Untracked 
|  31|0x0000000706600000, 0x0000000706600000, 0x0000000706800000|  0%| F|  |TAMS 0x0000000706600000| PB 0x0000000706600000| Untracked 
|  32|0x0000000706800000, 0x0000000706800000, 0x0000000706a00000|  0%| F|  |TAMS 0x0000000706800000| PB 0x0000000706800000| Untracked 
|  33|0x0000000706a00000, 0x0000000706a00000, 0x0000000706c00000|  0%| F|  |TAMS 0x0000000706a00000| PB 0x0000000706a00000| Untracked 
|  34|0x0000000706c00000, 0x0000000706c00000, 0x0000000706e00000|  0%| F|  |TAMS 0x0000000706c00000| PB 0x0000000706c00000| Untracked 
|  35|0x0000000706e00000, 0x0000000706e00000, 0x0000000707000000|  0%| F|  |TAMS 0x0000000706e00000| PB 0x0000000706e00000| Untracked 
|  36|0x0000000707000000, 0x0000000707000000, 0x0000000707200000|  0%| F|  |TAMS 0x0000000707000000| PB 0x0000000707000000| Untracked 
|  37|0x0000000707200000, 0x0000000707200000, 0x0000000707400000|  0%| F|  |TAMS 0x0000000707200000| PB 0x0000000707200000| Untracked 
|  38|0x0000000707400000, 0x0000000707400000, 0x0000000707600000|  0%| F|  |TAMS 0x0000000707400000| PB 0x0000000707400000| Untracked 
|  39|0x0000000707600000, 0x0000000707600000, 0x0000000707800000|  0%| F|  |TAMS 0x0000000707600000| PB 0x0000000707600000| Untracked 
|  40|0x0000000707800000, 0x0000000707800000, 0x0000000707a00000|  0%| F|  |TAMS 0x0000000707800000| PB 0x0000000707800000| Untracked 
|  41|0x0000000707a00000, 0x0000000707a00000, 0x0000000707c00000|  0%| F|  |TAMS 0x0000000707a00000| PB 0x0000000707a00000| Untracked 
|  42|0x0000000707c00000, 0x0000000707c00000, 0x0000000707e00000|  0%| F|  |TAMS 0x0000000707c00000| PB 0x0000000707c00000| Untracked 
|  43|0x0000000707e00000, 0x0000000707e00000, 0x0000000708000000|  0%| F|  |TAMS 0x0000000707e00000| PB 0x0000000707e00000| Untracked 
|  44|0x0000000708000000, 0x0000000708000000, 0x0000000708200000|  0%| F|  |TAMS 0x0000000708000000| PB 0x0000000708000000| Untracked 
|  45|0x0000000708200000, 0x0000000708200000, 0x0000000708400000|  0%| F|  |TAMS 0x0000000708200000| PB 0x0000000708200000| Untracked 
|  46|0x0000000708400000, 0x0000000708400000, 0x0000000708600000|  0%| F|  |TAMS 0x0000000708400000| PB 0x0000000708400000| Untracked 
|  47|0x0000000708600000, 0x0000000708600000, 0x0000000708800000|  0%| F|  |TAMS 0x0000000708600000| PB 0x0000000708600000| Untracked 
|  48|0x0000000708800000, 0x0000000708800000, 0x0000000708a00000|  0%| F|  |TAMS 0x0000000708800000| PB 0x0000000708800000| Untracked 
|  49|0x0000000708a00000, 0x0000000708a00000, 0x0000000708c00000|  0%| F|  |TAMS 0x0000000708a00000| PB 0x0000000708a00000| Untracked 
|  50|0x0000000708c00000, 0x0000000708c00000, 0x0000000708e00000|  0%| F|  |TAMS 0x0000000708c00000| PB 0x0000000708c00000| Untracked 
|  51|0x0000000708e00000, 0x0000000708e00000, 0x0000000709000000|  0%| F|  |TAMS 0x0000000708e00000| PB 0x0000000708e00000| Untracked 
|  52|0x0000000709000000, 0x0000000709000000, 0x0000000709200000|  0%| F|  |TAMS 0x0000000709000000| PB 0x0000000709000000| Untracked 
|  53|0x0000000709200000, 0x0000000709200000, 0x0000000709400000|  0%| F|  |TAMS 0x0000000709200000| PB 0x0000000709200000| Untracked 
|  54|0x0000000709400000, 0x0000000709400000, 0x0000000709600000|  0%| F|  |TAMS 0x0000000709400000| PB 0x0000000709400000| Untracked 
|  55|0x0000000709600000, 0x0000000709600000, 0x0000000709800000|  0%| F|  |TAMS 0x0000000709600000| PB 0x0000000709600000| Untracked 
|  56|0x0000000709800000, 0x0000000709800000, 0x0000000709a00000|  0%| F|  |TAMS 0x0000000709800000| PB 0x0000000709800000| Untracked 
|  57|0x0000000709a00000, 0x0000000709a00000, 0x0000000709c00000|  0%| F|  |TAMS 0x0000000709a00000| PB 0x0000000709a00000| Untracked 
|  58|0x0000000709c00000, 0x0000000709c00000, 0x0000000709e00000|  0%| F|  |TAMS 0x0000000709c00000| PB 0x0000000709c00000| Untracked 
|  59|0x0000000709e00000, 0x0000000709e00000, 0x000000070a000000|  0%| F|  |TAMS 0x0000000709e00000| PB 0x0000000709e00000| Untracked 
|  60|0x000000070a000000, 0x000000070a000000, 0x000000070a200000|  0%| F|  |TAMS 0x000000070a000000| PB 0x000000070a000000| Untracked 
|  61|0x000000070a200000, 0x000000070a200000, 0x000000070a400000|  0%| F|  |TAMS 0x000000070a200000| PB 0x000000070a200000| Untracked 
|  62|0x000000070a400000, 0x000000070a400000, 0x000000070a600000|  0%| F|  |TAMS 0x000000070a400000| PB 0x000000070a400000| Untracked 
|  63|0x000000070a600000, 0x000000070a600000, 0x000000070a800000|  0%| F|  |TAMS 0x000000070a600000| PB 0x000000070a600000| Untracked 
|  64|0x000000070a800000, 0x000000070a800000, 0x000000070aa00000|  0%| F|  |TAMS 0x000000070a800000| PB 0x000000070a800000| Untracked 
|  65|0x000000070aa00000, 0x000000070aa00000, 0x000000070ac00000|  0%| F|  |TAMS 0x000000070aa00000| PB 0x000000070aa00000| Untracked 
|  66|0x000000070ac00000, 0x000000070ac00000, 0x000000070ae00000|  0%| F|  |TAMS 0x000000070ac00000| PB 0x000000070ac00000| Untracked 
|  67|0x000000070ae00000, 0x000000070ae00000, 0x000000070b000000|  0%| F|  |TAMS 0x000000070ae00000| PB 0x000000070ae00000| Untracked 
|  68|0x000000070b000000, 0x000000070b000000, 0x000000070b200000|  0%| F|  |TAMS 0x000000070b000000| PB 0x000000070b000000| Untracked 
|  69|0x000000070b200000, 0x000000070b200000, 0x000000070b400000|  0%| F|  |TAMS 0x000000070b200000| PB 0x000000070b200000| Untracked 
|  70|0x000000070b400000, 0x000000070b400000, 0x000000070b600000|  0%| F|  |TAMS 0x000000070b400000| PB 0x000000070b400000| Untracked 
|  71|0x000000070b600000, 0x000000070b600000, 0x000000070b800000|  0%| F|  |TAMS 0x000000070b600000| PB 0x000000070b600000| Untracked 
|  72|0x000000070b800000, 0x000000070b800000, 0x000000070ba00000|  0%| F|  |TAMS 0x000000070b800000| PB 0x000000070b800000| Untracked 
|  73|0x000000070ba00000, 0x000000070ba00000, 0x000000070bc00000|  0%| F|  |TAMS 0x000000070ba00000| PB 0x000000070ba00000| Untracked 
|  74|0x000000070bc00000, 0x000000070bc00000, 0x000000070be00000|  0%| F|  |TAMS 0x000000070bc00000| PB 0x000000070bc00000| Untracked 
|  75|0x000000070be00000, 0x000000070be00000, 0x000000070c000000|  0%| F|  |TAMS 0x000000070be00000| PB 0x000000070be00000| Untracked 
|  76|0x000000070c000000, 0x000000070c000000, 0x000000070c200000|  0%| F|  |TAMS 0x000000070c000000| PB 0x000000070c000000| Untracked 
|  77|0x000000070c200000, 0x000000070c200000, 0x000000070c400000|  0%| F|  |TAMS 0x000000070c200000| PB 0x000000070c200000| Untracked 
|  78|0x000000070c400000, 0x000000070c400000, 0x000000070c600000|  0%| F|  |TAMS 0x000000070c400000| PB 0x000000070c400000| Untracked 
|  79|0x000000070c600000, 0x000000070c600000, 0x000000070c800000|  0%| F|  |TAMS 0x000000070c600000| PB 0x000000070c600000| Untracked 
|  80|0x000000070c800000, 0x000000070c800000, 0x000000070ca00000|  0%| F|  |TAMS 0x000000070c800000| PB 0x000000070c800000| Untracked 
|  81|0x000000070ca00000, 0x000000070ca00000, 0x000000070cc00000|  0%| F|  |TAMS 0x000000070ca00000| PB 0x000000070ca00000| Untracked 
|  82|0x000000070cc00000, 0x000000070cc00000, 0x000000070ce00000|  0%| F|  |TAMS 0x000000070cc00000| PB 0x000000070cc00000| Untracked 
|  83|0x000000070ce00000, 0x000000070ce00000, 0x000000070d000000|  0%| F|  |TAMS 0x000000070ce00000| PB 0x000000070ce00000| Untracked 
|  84|0x000000070d000000, 0x000000070d000000, 0x000000070d200000|  0%| F|  |TAMS 0x000000070d000000| PB 0x000000070d000000| Untracked 
|  85|0x000000070d200000, 0x000000070d200000, 0x000000070d400000|  0%| F|  |TAMS 0x000000070d200000| PB 0x000000070d200000| Untracked 
|  86|0x000000070d400000, 0x000000070d400000, 0x000000070d600000|  0%| F|  |TAMS 0x000000070d400000| PB 0x000000070d400000| Untracked 
|  87|0x000000070d600000, 0x000000070d600000, 0x000000070d800000|  0%| F|  |TAMS 0x000000070d600000| PB 0x000000070d600000| Untracked 
|  88|0x000000070d800000, 0x000000070d800000, 0x000000070da00000|  0%| F|  |TAMS 0x000000070d800000| PB 0x000000070d800000| Untracked 
|  89|0x000000070da00000, 0x000000070da00000, 0x000000070dc00000|  0%| F|  |TAMS 0x000000070da00000| PB 0x000000070da00000| Untracked 
|  90|0x000000070dc00000, 0x000000070dc00000, 0x000000070de00000|  0%| F|  |TAMS 0x000000070dc00000| PB 0x000000070dc00000| Untracked 
|  91|0x000000070de00000, 0x000000070de00000, 0x000000070e000000|  0%| F|  |TAMS 0x000000070de00000| PB 0x000000070de00000| Untracked 
|  92|0x000000070e000000, 0x000000070e000000, 0x000000070e200000|  0%| F|  |TAMS 0x000000070e000000| PB 0x000000070e000000| Untracked 
|  93|0x000000070e200000, 0x000000070e200000, 0x000000070e400000|  0%| F|  |TAMS 0x000000070e200000| PB 0x000000070e200000| Untracked 
|  94|0x000000070e400000, 0x000000070e400000, 0x000000070e600000|  0%| F|  |TAMS 0x000000070e400000| PB 0x000000070e400000| Untracked 
|  95|0x000000070e600000, 0x000000070e600000, 0x000000070e800000|  0%| F|  |TAMS 0x000000070e600000| PB 0x000000070e600000| Untracked 
|  96|0x000000070e800000, 0x000000070e800000, 0x000000070ea00000|  0%| F|  |TAMS 0x000000070e800000| PB 0x000000070e800000| Untracked 
|  97|0x000000070ea00000, 0x000000070ea00000, 0x000000070ec00000|  0%| F|  |TAMS 0x000000070ea00000| PB 0x000000070ea00000| Untracked 
|  98|0x000000070ec00000, 0x000000070ec00000, 0x000000070ee00000|  0%| F|  |TAMS 0x000000070ec00000| PB 0x000000070ec00000| Untracked 
|  99|0x000000070ee00000, 0x000000070ee00000, 0x000000070f000000|  0%| F|  |TAMS 0x000000070ee00000| PB 0x000000070ee00000| Untracked 
| 100|0x000000070f000000, 0x000000070f000000, 0x000000070f200000|  0%| F|  |TAMS 0x000000070f000000| PB 0x000000070f000000| Untracked 
| 101|0x000000070f200000, 0x000000070f200000, 0x000000070f400000|  0%| F|  |TAMS 0x000000070f200000| PB 0x000000070f200000| Untracked 
| 102|0x000000070f400000, 0x000000070f400000, 0x000000070f600000|  0%| F|  |TAMS 0x000000070f400000| PB 0x000000070f400000| Untracked 
| 103|0x000000070f600000, 0x000000070f600000, 0x000000070f800000|  0%| F|  |TAMS 0x000000070f600000| PB 0x000000070f600000| Untracked 
| 104|0x000000070f800000, 0x000000070f800000, 0x000000070fa00000|  0%| F|  |TAMS 0x000000070f800000| PB 0x000000070f800000| Untracked 
| 105|0x000000070fa00000, 0x000000070fa00000, 0x000000070fc00000|  0%| F|  |TAMS 0x000000070fa00000| PB 0x000000070fa00000| Untracked 
| 106|0x000000070fc00000, 0x000000070fc00000, 0x000000070fe00000|  0%| F|  |TAMS 0x000000070fc00000| PB 0x000000070fc00000| Untracked 
| 107|0x000000070fe00000, 0x000000070fe00000, 0x0000000710000000|  0%| F|  |TAMS 0x000000070fe00000| PB 0x000000070fe00000| Untracked 
| 108|0x0000000710000000, 0x0000000710000000, 0x0000000710200000|  0%| F|  |TAMS 0x0000000710000000| PB 0x0000000710000000| Untracked 
| 109|0x0000000710200000, 0x0000000710200000, 0x0000000710400000|  0%| F|  |TAMS 0x0000000710200000| PB 0x0000000710200000| Untracked 
| 110|0x0000000710400000, 0x0000000710400000, 0x0000000710600000|  0%| F|  |TAMS 0x0000000710400000| PB 0x0000000710400000| Untracked 
| 111|0x0000000710600000, 0x00000007107b4218, 0x0000000710800000| 85%| S|  |TAMS 0x0000000710600000| PB 0x0000000710600000| Complete 
| 112|0x0000000710800000, 0x0000000710a00000, 0x0000000710a00000|100%| E|CS|TAMS 0x0000000710800000| PB 0x0000000710800000| Complete 
| 113|0x0000000710a00000, 0x0000000710c00000, 0x0000000710c00000|100%| E|CS|TAMS 0x0000000710a00000| PB 0x0000000710a00000| Complete 
| 114|0x0000000710c00000, 0x0000000710e00000, 0x0000000710e00000|100%| E|CS|TAMS 0x0000000710c00000| PB 0x0000000710c00000| Complete 
| 115|0x0000000710e00000, 0x0000000711000000, 0x0000000711000000|100%| E|CS|TAMS 0x0000000710e00000| PB 0x0000000710e00000| Complete 
| 116|0x0000000711000000, 0x0000000711200000, 0x0000000711200000|100%| E|CS|TAMS 0x0000000711000000| PB 0x0000000711000000| Complete 
| 117|0x0000000711200000, 0x0000000711400000, 0x0000000711400000|100%| E|CS|TAMS 0x0000000711200000| PB 0x0000000711200000| Complete 
| 118|0x0000000711400000, 0x0000000711600000, 0x0000000711600000|100%| E|CS|TAMS 0x0000000711400000| PB 0x0000000711400000| Complete 
| 119|0x0000000711600000, 0x0000000711800000, 0x0000000711800000|100%| E|CS|TAMS 0x0000000711600000| PB 0x0000000711600000| Complete 
| 120|0x0000000711800000, 0x0000000711a00000, 0x0000000711a00000|100%| E|CS|TAMS 0x0000000711800000| PB 0x0000000711800000| Complete 
| 121|0x0000000711a00000, 0x0000000711c00000, 0x0000000711c00000|100%| E|CS|TAMS 0x0000000711a00000| PB 0x0000000711a00000| Complete 
| 122|0x0000000711c00000, 0x0000000711e00000, 0x0000000711e00000|100%| E|CS|TAMS 0x0000000711c00000| PB 0x0000000711c00000| Complete 
| 123|0x0000000711e00000, 0x0000000712000000, 0x0000000712000000|100%| E|CS|TAMS 0x0000000711e00000| PB 0x0000000711e00000| Complete 
| 124|0x0000000712000000, 0x0000000712200000, 0x0000000712200000|100%| E|CS|TAMS 0x0000000712000000| PB 0x0000000712000000| Complete 
| 125|0x0000000712200000, 0x0000000712400000, 0x0000000712400000|100%| E|CS|TAMS 0x0000000712200000| PB 0x0000000712200000| Complete 
| 126|0x0000000712400000, 0x0000000712600000, 0x0000000712600000|100%| E|CS|TAMS 0x0000000712400000| PB 0x0000000712400000| Complete 

Card table byte_map: [0x0000024c9ae90000,0x0000024c9b680000] _byte_map_base: 0x0000024c9767c000

Marking Bits: (CMBitMap*) 0x0000024c830cee10
 Bits: [0x0000024c9be70000, 0x0000024c9fdd0000)

Polling page: 0x0000024c82860000

Metaspace:

Usage:
  Non-class:      9.59 MB used.
      Class:      1.27 MB used.
       Both:     10.86 MB used.

Virtual space:
  Non-class space:       64.00 MB reserved,       9.75 MB ( 15%) committed,  1 nodes.
      Class space:        1.00 GB reserved,       1.38 MB ( <1%) committed,  1 nodes.
             Both:        1.06 GB reserved,      11.12 MB (  1%) committed. 

Chunk freelists:
   Non-Class:  2.30 MB
       Class:  2.56 MB
        Both:  4.86 MB

MaxMetaspaceSize: unlimited
CompressedClassSpaceSize: 1.00 GB
Initial GC threshold: 21.00 MB
Current GC threshold: 21.00 MB
CDS: on
MetaspaceReclaimPolicy: balanced
 - commit_granule_bytes: 65536.
 - commit_granule_words: 8192.
 - virtual_space_node_default_size: 8388608.
 - enlarge_chunks_in_place: 1.
 - new_chunks_are_fully_committed: 0.
 - uncommit_free_chunks: 1.
 - use_allocation_guard: 0.


Internal statistics:

num_allocs_failed_limit: 0.
num_arena_births: 230.
num_arena_deaths: 0.
num_vsnodes_births: 2.
num_vsnodes_deaths: 0.
num_space_committed: 178.
num_space_uncommitted: 0.
num_chunks_returned_to_freelist: 0.
num_chunks_taken_from_freelist: 547.
num_chunk_merges: 0.
num_chunk_splits: 351.
num_chunks_enlarged: 255.
num_inconsistent_stats: 0.

CodeHeap 'non-profiled nmethods': size=120000Kb used=609Kb max_used=609Kb free=119390Kb
 bounds [0x0000024c92c20000, 0x0000024c92e90000, 0x0000024c9a150000]
CodeHeap 'profiled nmethods': size=120000Kb used=3098Kb max_used=3098Kb free=116901Kb
 bounds [0x0000024c8b150000, 0x0000024c8b460000, 0x0000024c92680000]
CodeHeap 'non-nmethods': size=5760Kb used=1458Kb max_used=1487Kb free=4301Kb
 bounds [0x0000024c92680000, 0x0000024c928f0000, 0x0000024c92c20000]
 total_blobs=2214 nmethods=1726 adapters=398
 compilation: enabled
              stopped_count=0, restarted_count=0
 full_count=0

Compilation events (20 events):
Event: 0.963 Thread 0x0000024ca2af9f80 1718       3       java.lang.invoke.DirectMethodHandle$Holder::invokeStatic (17 bytes)
Event: 0.963 Thread 0x0000024ca2af9f80 nmethod 1718 0x0000024c8b454410 code [0x0000024c8b4545c0, 0x0000024c8b454a40]
Event: 0.963 Thread 0x0000024ca2af9f80 1719       3       java.lang.invoke.LambdaForm$MH/0x0000000801018800::invoke (32 bytes)
Event: 0.963 Thread 0x0000024ca2af9f80 nmethod 1719 0x0000024c8b454b90 code [0x0000024c8b454d40, 0x0000024c8b4551e8]
Event: 0.963 Thread 0x0000024ca2af9f80 1720       3       java.lang.invoke.DirectMethodHandle$Holder::invokeStatic (21 bytes)
Event: 0.963 Thread 0x0000024ca2af9f80 nmethod 1720 0x0000024c8b455310 code [0x0000024c8b4554c0, 0x0000024c8b455978]
Event: 0.963 Thread 0x0000024ca2af9f80 1721       3       java.lang.StringConcatHelper::prepend (22 bytes)
Event: 0.963 Thread 0x0000024ca2af9f80 nmethod 1721 0x0000024c8b455a90 code [0x0000024c8b455c20, 0x0000024c8b455da8]
Event: 0.965 Thread 0x0000024ca2af58b0 nmethod 1716 0x0000024c92cb7210 code [0x0000024c92cb73a0, 0x0000024c92cb77c8]
Event: 0.970 Thread 0x0000024ca2af9f80 1722       3       java.util.concurrent.ConcurrentHashMap::sumCount (60 bytes)
Event: 0.971 Thread 0x0000024ca2af9f80 nmethod 1722 0x0000024c8b455e90 code [0x0000024c8b456020, 0x0000024c8b456290]
Event: 0.972 Thread 0x0000024ca6f4f750 1723 % !   4       java.util.concurrent.ConcurrentHashMap::transfer @ 437 (849 bytes)
Event: 0.977 Thread 0x0000024ca7c7a8c0 1724       4       java.lang.String::regionMatches (150 bytes)
Event: 0.977 Thread 0x0000024ca2af58b0 1725       4       java.lang.StringLatin1::regionMatchesCI (82 bytes)
Event: 0.978 Thread 0x0000024ca2af9f80 1726       3       java.util.zip.ZipUtils::get16 (21 bytes)
Event: 0.979 Thread 0x0000024ca2af9f80 nmethod 1726 0x0000024c8b456390 code [0x0000024c8b456520, 0x0000024c8b456668]
Event: 0.983 Thread 0x0000024ca2af9f80 1727       3       java.util.HashMap::<init> (8 bytes)
Event: 0.983 Thread 0x0000024ca2af9f80 nmethod 1727 0x0000024c8b456790 code [0x0000024c8b456940, 0x0000024c8b456a80]
Event: 0.983 Thread 0x0000024ca2af58b0 nmethod 1725 0x0000024c92cb7a90 code [0x0000024c92cb7c00, 0x0000024c92cb7de8]
Event: 0.985 Thread 0x0000024ca7c7a8c0 nmethod 1724 0x0000024c92cb7f90 code [0x0000024c92cb8120, 0x0000024c92cb8490]

GC Heap History (3 events):
Event: 0.599 GC heap before
{Heap before GC invocations=0 (full 0):
 garbage-first heap   total 260096K, used 20480K [0x0000000702800000, 0x0000000800000000)
  region size 2048K, 11 young (22528K), 0 survivors (0K)
 Metaspace       used 5523K, committed 5760K, reserved 1114112K
  class space    used 594K, committed 704K, reserved 1048576K
}
Event: 0.603 GC heap after
{Heap after GC invocations=1 (full 0):
 garbage-first heap   total 260096K, used 6677K [0x0000000702800000, 0x0000000800000000)
  region size 2048K, 2 young (4096K), 2 survivors (4096K)
 Metaspace       used 5523K, committed 5760K, reserved 1114112K
  class space    used 594K, committed 704K, reserved 1048576K
}
Event: 0.988 GC heap before
{Heap before GC invocations=1 (full 0):
 garbage-first heap   total 260096K, used 31253K [0x0000000702800000, 0x0000000800000000)
  region size 2048K, 15 young (30720K), 2 survivors (4096K)
 Metaspace       used 11122K, committed 11392K, reserved 1114112K
  class space    used 1299K, committed 1408K, reserved 1048576K
}

Dll operation events (12 events):
Event: 0.029 Loaded shared library C:\Users\kenny\.jdks\openjdk-20\bin\java.dll
Event: 0.030 Loaded shared library C:\Users\kenny\.jdks\openjdk-20\bin\zip.dll
Event: 0.041 Loaded shared library C:\Users\kenny\.jdks\openjdk-20\bin\jsvml.dll
Event: 0.150 Loaded shared library C:\Users\kenny\.jdks\openjdk-20\bin\instrument.dll
Event: 0.169 Loaded shared library C:\Users\kenny\.jdks\openjdk-20\bin\zip.dll
Event: 0.176 Loaded shared library C:\Users\kenny\.jdks\openjdk-20\bin\jimage.dll
Event: 0.217 Loaded shared library C:\Users\kenny\.jdks\openjdk-20\bin\net.dll
Event: 0.219 Loaded shared library C:\Users\kenny\.jdks\openjdk-20\bin\nio.dll
Event: 0.303 Loaded shared library C:\Program Files\JetBrains\IntelliJ IDEA Community Edition 2022.3.3\bin\breakgen64.dll
Event: 0.310 Loaded shared library C:\Users\kenny\.jdks\openjdk-20\bin\extnet.dll
Event: 0.571 Loaded shared library C:\Users\kenny\.jdks\openjdk-20\bin\management.dll
Event: 0.574 Loaded shared library C:\Users\kenny\.jdks\openjdk-20\bin\management_ext.dll

Deoptimization events (20 events):
Event: 0.657 Thread 0x0000024ca7b96060 DEOPT PACKING pc=0x0000024c92c8c830 sp=0x000000ca07ffd400
Event: 0.657 Thread 0x0000024ca7b96060 DEOPT UNPACKING pc=0x0000024c926e9d22 sp=0x000000ca07ffd378 mode 2
Event: 0.657 Thread 0x0000024ca7b96060 Uncommon trap: trap_request=0xffffffde fr.pc=0x0000024c92c8c830 relative=0x0000000000000130
Event: 0.657 Thread 0x0000024ca7b96060 Uncommon trap: reason=class_check action=maybe_recompile pc=0x0000024c92c8c830 method=jdk.internal.misc.Unsafe.allocateUninitializedArray(Ljava/lang/Class;I)Ljava/lang/Object; @ 51 c2
Event: 0.657 Thread 0x0000024ca7b96060 DEOPT PACKING pc=0x0000024c92c8c830 sp=0x000000ca07ffd400
Event: 0.657 Thread 0x0000024ca7b96060 DEOPT UNPACKING pc=0x0000024c926e9d22 sp=0x000000ca07ffd378 mode 2
Event: 0.657 Thread 0x0000024ca7b96060 Uncommon trap: trap_request=0xffffffde fr.pc=0x0000024c92c8c830 relative=0x0000000000000130
Event: 0.657 Thread 0x0000024ca7b96060 Uncommon trap: reason=class_check action=maybe_recompile pc=0x0000024c92c8c830 method=jdk.internal.misc.Unsafe.allocateUninitializedArray(Ljava/lang/Class;I)Ljava/lang/Object; @ 51 c2
Event: 0.657 Thread 0x0000024ca7b96060 DEOPT PACKING pc=0x0000024c92c8c830 sp=0x000000ca07ffd460
Event: 0.657 Thread 0x0000024ca7b96060 DEOPT UNPACKING pc=0x0000024c926e9d22 sp=0x000000ca07ffd3d8 mode 2
Event: 0.659 Thread 0x0000024ca7b96060 Uncommon trap: trap_request=0xffffff45 fr.pc=0x0000024c92c7c1d8 relative=0x00000000000000d8
Event: 0.659 Thread 0x0000024ca7b96060 Uncommon trap: reason=unstable_if action=reinterpret pc=0x0000024c92c7c1d8 method=java.util.concurrent.locks.ReentrantLock$Sync.tryRelease(I)Z @ 26 c2
Event: 0.659 Thread 0x0000024ca7b96060 DEOPT PACKING pc=0x0000024c92c7c1d8 sp=0x000000ca07ffdca0
Event: 0.659 Thread 0x0000024ca7b96060 DEOPT UNPACKING pc=0x0000024c926e9d22 sp=0x000000ca07ffdc40 mode 2
Event: 0.671 Thread 0x0000024ca7b96060 DEOPT PACKING pc=0x0000024c8b237b21 sp=0x000000ca07ffa070
Event: 0.671 Thread 0x0000024ca7b96060 DEOPT UNPACKING pc=0x0000024c926ea4c2 sp=0x000000ca07ff9578 mode 0
Event: 0.824 Thread 0x0000024ca7b96060 Uncommon trap: trap_request=0xffffff45 fr.pc=0x0000024c92c589f4 relative=0x0000000000000274
Event: 0.824 Thread 0x0000024ca7b96060 Uncommon trap: reason=unstable_if action=reinterpret pc=0x0000024c92c589f4 method=java.lang.String.startsWith(Ljava/lang/String;I)Z @ 1 c2
Event: 0.824 Thread 0x0000024ca7b96060 DEOPT PACKING pc=0x0000024c92c589f4 sp=0x000000ca07ffde30
Event: 0.824 Thread 0x0000024ca7b96060 DEOPT UNPACKING pc=0x0000024c926e9d22 sp=0x000000ca07ffdd98 mode 2

Classes loaded (20 events):
Event: 0.984 Loading class org/springframework/beans/factory/support/MergedBeanDefinitionPostProcessor
Event: 0.984 Loading class org/springframework/beans/factory/support/MergedBeanDefinitionPostProcessor done
Event: 0.985 Loading class com/fasterxml/jackson/databind/JavaType
Event: 0.985 Loading class com/fasterxml/jackson/databind/JavaType done
Event: 0.985 Loading class org/springframework/beans/factory/aot/BeanRegistrationAotProcessor
Event: 0.985 Loading class org/springframework/beans/factory/aot/BeanRegistrationAotProcessor done
Event: 0.985 Loading class com/fasterxml/jackson/core/type/ResolvedType
Event: 0.985 Loading class com/fasterxml/jackson/core/type/ResolvedType done
Event: 0.986 Loading class com/fasterxml/jackson/databind/type/ArrayType
Event: 0.986 Loading class com/fasterxml/jackson/databind/type/ArrayType done
Event: 0.986 Loading class com/fasterxml/jackson/databind/type/TypeBase
Event: 0.986 Loading class com/fasterxml/jackson/databind/type/TypeBase done
Event: 0.986 Loading class org/springframework/context/annotation/ContextAnnotationAutowireCandidateResolver
Event: 0.986 Loading class org/springframework/context/annotation/ContextAnnotationAutowireCandidateResolver done
Event: 0.987 Loading class com/fasterxml/jackson/databind/type/CollectionType
Event: 0.987 Loading class com/fasterxml/jackson/databind/type/CollectionType done
Event: 0.987 Loading class org/springframework/beans/factory/annotation/QualifierAnnotationAutowireCandidateResolver
Event: 0.987 Loading class org/springframework/beans/factory/annotation/QualifierAnnotationAutowireCandidateResolver done
Event: 0.987 Loading class com/fasterxml/jackson/databind/type/CollectionLikeType
Event: 0.987 Loading class com/fasterxml/jackson/databind/type/CollectionLikeType done

Classes unloaded (0 events):
No events

Classes redefined (0 events):
No events

Internal exceptions (20 events):
Event: 0.780 Thread 0x0000024ca7b96060 Exception <a 'java/lang/NoSuchMethodError'{0x000000071180fd88}: 'java.lang.Object java.lang.invoke.DirectMethodHandle$Holder.invokeSpecial(java.lang.Object, java.lang.Object, java.lang.Object, java.lang.Object, java.lang.Object, java.lang.Object, java.lang.Object, int)'> (0x000000071180fd88) 
thrown [s\open\src\hotspot\share\interpreter\linkResolver.cpp, line 773]
Event: 0.804 Thread 0x0000024ca7b96060 Exception <a 'java/lang/NoSuchMethodError'{0x00000007119622b0}: 'int java.lang.invoke.DirectMethodHandle$Holder.invokeInterface(java.lang.Object, java.lang.Object)'> (0x00000007119622b0) 
thrown [s\open\src\hotspot\share\interpreter\linkResolver.cpp, line 773]
Event: 0.813 Thread 0x0000024ca7b96060 Exception <a 'java/lang/NoSuchMethodError'{0x00000007119a5d20}: 'java.lang.Object java.lang.invoke.DirectMethodHandle$Holder.invokeSpecial(java.lang.Object, java.lang.Object, java.lang.Object, int, java.lang.Object)'> (0x00000007119a5d20) 
thrown [s\open\src\hotspot\share\interpreter\linkResolver.cpp, line 773]
Event: 0.814 Thread 0x0000024ca7b96060 Exception <a 'java/lang/NoSuchMethodError'{0x00000007119addd8}: 'java.lang.Object java.lang.invoke.DirectMethodHandle$Holder.newInvokeSpecial(java.lang.Object, java.lang.Object, java.lang.Object, int, java.lang.Object)'> (0x00000007119addd8) 
thrown [s\open\src\hotspot\share\interpreter\linkResolver.cpp, line 773]
Event: 0.814 Thread 0x0000024ca7b96060 Exception <a 'java/lang/NoSuchMethodError'{0x00000007119b5290}: 'java.lang.Object java.lang.invoke.Invokers$Holder.linkToTargetMethod(java.lang.Object, java.lang.Object, int, java.lang.Object, java.lang.Object)'> (0x00000007119b5290) 
thrown [s\open\src\hotspot\share\interpreter\linkResolver.cpp, line 773]
Event: 0.816 Thread 0x0000024ca7b96060 Exception <a 'java/lang/NoSuchMethodError'{0x00000007119cbcf8}: 'java.lang.Object java.lang.invoke.DirectMethodHandle$Holder.newInvokeSpecial(java.lang.Object, int, java.lang.Object)'> (0x00000007119cbcf8) 
thrown [s\open\src\hotspot\share\interpreter\linkResolver.cpp, line 773]
Event: 0.817 Thread 0x0000024ca7b96060 Exception <a 'java/lang/NoSuchMethodError'{0x00000007119d06a8}: 'int java.lang.invoke.DirectMethodHandle$Holder.invokeSpecialIFC(java.lang.Object, java.lang.Object, java.lang.Object, java.lang.Object)'> (0x00000007119d06a8) 
thrown [s\open\src\hotspot\share\interpreter\linkResolver.cpp, line 773]
Event: 0.840 Thread 0x0000024ca7b96060 Exception <a 'java/lang/NoSuchMethodError'{0x000000071169f458}: 'void java.lang.invoke.DirectMethodHandle$Holder.invokeInterface(java.lang.Object, java.lang.Object, java.lang.Object)'> (0x000000071169f458) 
thrown [s\open\src\hotspot\share\interpreter\linkResolver.cpp, line 773]
Event: 0.859 Thread 0x0000024ca7b96060 Exception <a 'java/lang/NoSuchMethodError'{0x0000000711733be0}: 'void java.lang.invoke.DirectMethodHandle$Holder.invokeStaticInit(java.lang.Object, java.lang.Object)'> (0x0000000711733be0) 
thrown [s\open\src\hotspot\share\interpreter\linkResolver.cpp, line 773]
Event: 0.861 Thread 0x0000024ca7b96060 Exception <a 'java/lang/NoSuchMethodError'{0x00000007117410b8}: 'void java.lang.invoke.DirectMethodHandle$Holder.invokeStaticInit(java.lang.Object, java.lang.Object, java.lang.Object)'> (0x00000007117410b8) 
thrown [s\open\src\hotspot\share\interpreter\linkResolver.cpp, line 773]
Event: 0.868 Thread 0x0000024ca7b96060 Exception <a 'java/lang/NoSuchMethodError'{0x00000007117921b8}: 'java.lang.Object java.lang.invoke.DirectMethodHandle$Holder.invokeStatic(java.lang.Object, long, java.lang.Object)'> (0x00000007117921b8) 
thrown [s\open\src\hotspot\share\interpreter\linkResolver.cpp, line 773]
Event: 0.868 Thread 0x0000024ca7b96060 Exception <a 'java/lang/NoSuchMethodError'{0x0000000711795810}: 'java.lang.Object java.lang.invoke.DirectMethodHandle$Holder.invokeStaticInit(java.lang.Object, long, java.lang.Object)'> (0x0000000711795810) 
thrown [s\open\src\hotspot\share\interpreter\linkResolver.cpp, line 773]
Event: 0.868 Thread 0x0000024ca7b96060 Exception <a 'java/lang/NoSuchMethodError'{0x000000071179b7b0}: 'java.lang.Object java.lang.invoke.DirectMethodHandle$Holder.newInvokeSpecial(java.lang.Object, long)'> (0x000000071179b7b0) 
thrown [s\open\src\hotspot\share\interpreter\linkResolver.cpp, line 773]
Event: 0.878 Thread 0x0000024ca7b96060 Exception <a 'java/lang/NoSuchMethodError'{0x00000007117fa588}: 'void java.lang.invoke.DirectMethodHandle$Holder.invokeVirtual(java.lang.Object, java.lang.Object, java.lang.Object, java.lang.Object)'> (0x00000007117fa588) 
thrown [s\open\src\hotspot\share\interpreter\linkResolver.cpp, line 773]
Event: 0.907 Thread 0x0000024ca7b96060 Exception <a 'java/lang/NoSuchMethodError'{0x000000071156c120}: 'void java.lang.invoke.DirectMethodHandle$Holder.invokeSpecial(java.lang.Object, java.lang.Object, java.lang.Object, java.lang.Object, java.lang.Object)'> (0x000000071156c120) 
thrown [s\open\src\hotspot\share\interpreter\linkResolver.cpp, line 773]
Event: 0.913 Thread 0x0000024ca7b945d0 Exception <a 'java/lang/NoClassDefFoundError'{0x00000007115b46d8}: jakarta/validation/Validation> (0x00000007115b46d8) 
thrown [s\open\src\hotspot\share\classfile\systemDictionary.cpp, line 294]
Event: 0.917 Thread 0x0000024ca7b96060 Exception <a 'java/lang/IncompatibleClassChangeError'{0x00000007115d9530}: Found class java.lang.Object, but interface was expected> (0x00000007115d9530) 
thrown [s\open\src\hotspot\share\interpreter\linkResolver.cpp, line 840]
Event: 0.921 Thread 0x0000024ca7b96060 Exception <a 'java/lang/NoSuchMethodError'{0x0000000711246f48}: 'java.lang.Object java.lang.invoke.DirectMethodHandle$Holder.invokeStaticInit(java.lang.Object, int)'> (0x0000000711246f48) 
thrown [s\open\src\hotspot\share\interpreter\linkResolver.cpp, line 773]
Event: 0.923 Thread 0x0000024ca7b96060 Exception <a 'java/lang/NoSuchMethodError'{0x00000007112540c0}: 'java.lang.Object java.lang.invoke.DirectMethodHandle$Holder.invokeStatic(java.lang.Object, int, java.lang.Object)'> (0x00000007112540c0) 
thrown [s\open\src\hotspot\share\interpreter\linkResolver.cpp, line 773]
Event: 0.924 Thread 0x0000024ca7b96060 Exception <a 'java/lang/NoSuchMethodError'{0x0000000711257710}: 'java.lang.Object java.lang.invoke.DirectMethodHandle$Holder.invokeStaticInit(java.lang.Object, int, java.lang.Object)'> (0x0000000711257710) 
thrown [s\open\src\hotspot\share\interpreter\linkResolver.cpp, line 773]

VM Operations (20 events):
Event: 0.363 Executing VM operation: HandshakeAllThreads done
Event: 0.420 Executing VM operation: HandshakeAllThreads
Event: 0.420 Executing VM operation: HandshakeAllThreads done
Event: 0.539 Executing VM operation: HandshakeAllThreads
Event: 0.539 Executing VM operation: HandshakeAllThreads done
Event: 0.539 Executing VM operation: HandshakeAllThreads
Event: 0.539 Executing VM operation: HandshakeAllThreads done
Event: 0.563 Executing VM operation: HandshakeAllThreads
Event: 0.563 Executing VM operation: HandshakeAllThreads done
Event: 0.599 Executing VM operation: G1CollectForAllocation
Event: 0.603 Executing VM operation: G1CollectForAllocation done
Event: 0.681 Executing VM operation: HandshakeAllThreads
Event: 0.681 Executing VM operation: HandshakeAllThreads done
Event: 0.901 Executing VM operation: HandshakeAllThreads
Event: 0.901 Executing VM operation: HandshakeAllThreads done
Event: 0.904 Executing VM operation: HandshakeAllThreads
Event: 0.904 Executing VM operation: HandshakeAllThreads done
Event: 0.905 Executing VM operation: HandshakeAllThreads
Event: 0.905 Executing VM operation: HandshakeAllThreads done
Event: 0.988 Executing VM operation: G1CollectForAllocation

Events (17 events):
Event: 0.041 Thread 0x0000024c830a7500 Thread added: 0x0000024c830a7500
Event: 0.055 Thread 0x0000024ca2ad8e10 Thread added: 0x0000024ca2ad8e10
Event: 0.055 Thread 0x0000024ca2ad9b60 Thread added: 0x0000024ca2ad9b60
Event: 0.055 Thread 0x0000024ca2adeba0 Thread added: 0x0000024ca2adeba0
Event: 0.055 Thread 0x0000024ca2adf4e0 Thread added: 0x0000024ca2adf4e0
Event: 0.055 Thread 0x0000024ca2ae07d0 Thread added: 0x0000024ca2ae07d0
Event: 0.056 Thread 0x0000024ca2ae5ee0 Thread added: 0x0000024ca2ae5ee0
Event: 0.056 Thread 0x0000024ca2af58b0 Thread added: 0x0000024ca2af58b0
Event: 0.056 Thread 0x0000024ca2af9f80 Thread added: 0x0000024ca2af9f80
Event: 0.123 Thread 0x0000024ca2ae6430 Thread added: 0x0000024ca2ae6430
Event: 0.192 Thread 0x0000024ca6f4f750 Thread added: 0x0000024ca6f4f750
Event: 0.303 Thread 0x0000024ca2ae6980 Thread added: 0x0000024ca2ae6980
Event: 0.303 Thread 0x0000024ca2ae4ef0 Thread added: 0x0000024ca2ae4ef0
Event: 0.619 Thread 0x0000024ca2ae5990 Thread added: 0x0000024ca2ae5990
Event: 0.621 Thread 0x0000024ca7b96060 Thread added: 0x0000024ca7b96060
Event: 0.823 Thread 0x0000024ca7c7a8c0 Thread added: 0x0000024ca7c7a8c0
Event: 0.911 Thread 0x0000024ca7b945d0 Thread added: 0x0000024ca7b945d0


Dynamic libraries:
0x00007ff785400000 - 0x00007ff78540e000 	C:\Users\kenny\.jdks\openjdk-20\bin\java.exe
0x00007ffe36410000 - 0x00007ffe36624000 	C:\Windows\SYSTEM32\ntdll.dll
0x00007ffe35830000 - 0x00007ffe358f2000 	C:\Windows\System32\KERNEL32.DLL
0x00007ffe339a0000 - 0x00007ffe33d3c000 	C:\Windows\System32\KERNELBASE.dll
0x00007ffe33880000 - 0x00007ffe33991000 	C:\Windows\System32\ucrtbase.dll
0x00007ffe128e0000 - 0x00007ffe128fb000 	C:\Users\kenny\.jdks\openjdk-20\bin\VCRUNTIME140.dll
0x00007ffe12ca0000 - 0x00007ffe12cb7000 	C:\Users\kenny\.jdks\openjdk-20\bin\jli.dll
0x00007ffe34340000 - 0x00007ffe344eb000 	C:\Windows\System32\USER32.dll
0x00007ffe33850000 - 0x00007ffe33876000 	C:\Windows\System32\win32u.dll
0x00007ffe32a40000 - 0x00007ffe32cce000 	C:\Windows\WinSxS\amd64_microsoft.windows.common-controls_6595b64144ccf1df_6.0.22621.608_none_a9444ca7c10bb01d\COMCTL32.dll
0x00007ffe35900000 - 0x00007ffe35929000 	C:\Windows\System32\GDI32.dll
0x00007ffe35780000 - 0x00007ffe35827000 	C:\Windows\System32\msvcrt.dll
0x00007ffe33e30000 - 0x00007ffe33f43000 	C:\Windows\System32\gdi32full.dll
0x00007ffe34010000 - 0x00007ffe340aa000 	C:\Windows\System32\msvcp_win.dll
0x00007ffe35630000 - 0x00007ffe35661000 	C:\Windows\System32\IMM32.DLL
0x00007ffe128d0000 - 0x00007ffe128dc000 	C:\Users\kenny\.jdks\openjdk-20\bin\vcruntime140_1.dll
0x00007ffe0b8a0000 - 0x00007ffe0b92e000 	C:\Users\kenny\.jdks\openjdk-20\bin\msvcp140.dll
0x00007ffd99590000 - 0x00007ffd9a227000 	C:\Users\kenny\.jdks\openjdk-20\bin\server\jvm.dll
0x00007ffe35a60000 - 0x00007ffe35b0e000 	C:\Windows\System32\ADVAPI32.dll
0x00007ffe35940000 - 0x00007ffe359e4000 	C:\Windows\System32\sechost.dll
0x00007ffe34220000 - 0x00007ffe34337000 	C:\Windows\System32\RPCRT4.dll
0x00007ffe2c220000 - 0x00007ffe2c22a000 	C:\Windows\SYSTEM32\VERSION.dll
0x00007ffe2ffa0000 - 0x00007ffe2ffa9000 	C:\Windows\SYSTEM32\WSOCK32.dll
0x00007ffe2aa60000 - 0x00007ffe2aa94000 	C:\Windows\SYSTEM32\WINMM.dll
0x00007ffe35670000 - 0x00007ffe356e1000 	C:\Windows\System32\WS2_32.dll
0x00007ffe32060000 - 0x00007ffe32078000 	C:\Windows\SYSTEM32\kernel.appcore.dll
0x00007ffe11c20000 - 0x00007ffe11c2a000 	C:\Users\kenny\.jdks\openjdk-20\bin\jimage.dll
0x00007ffe331d0000 - 0x00007ffe333fe000 	C:\Windows\SYSTEM32\DBGHELP.DLL
0x00007ffe35d70000 - 0x00007ffe360f9000 	C:\Windows\System32\combase.dll
0x00007ffe34570000 - 0x00007ffe34647000 	C:\Windows\System32\OLEAUT32.dll
0x00007ffe33020000 - 0x00007ffe33052000 	C:\Windows\SYSTEM32\dbgcore.DLL
0x00007ffe33d40000 - 0x00007ffe33dbb000 	C:\Windows\System32\bcryptPrimitives.dll
0x00007ffe20cf0000 - 0x00007ffe20cfe000 	C:\Users\kenny\.jdks\openjdk-20\bin\instrument.dll
0x00007ffe11bf0000 - 0x00007ffe11c16000 	C:\Users\kenny\.jdks\openjdk-20\bin\java.dll
0x00007ffe0e690000 - 0x00007ffe0e6a8000 	C:\Users\kenny\.jdks\openjdk-20\bin\zip.dll
0x00007ffdf2180000 - 0x00007ffdf2257000 	C:\Users\kenny\.jdks\openjdk-20\bin\jsvml.dll
0x00007ffe34750000 - 0x00007ffe34f40000 	C:\Windows\System32\SHELL32.dll
0x00007ffe30e40000 - 0x00007ffe3170d000 	C:\Windows\SYSTEM32\windows.storage.dll
0x00007ffe30cf0000 - 0x00007ffe30e2e000 	C:\Windows\SYSTEM32\wintypes.dll
0x00007ffe362d0000 - 0x00007ffe363c1000 	C:\Windows\System32\SHCORE.dll
0x00007ffe35a00000 - 0x00007ffe35a5e000 	C:\Windows\System32\shlwapi.dll
0x00007ffe33780000 - 0x00007ffe337a1000 	C:\Windows\SYSTEM32\profapi.dll
0x00007ffe10a70000 - 0x00007ffe10a83000 	C:\Users\kenny\.jdks\openjdk-20\bin\net.dll
0x00007ffe2bbe0000 - 0x00007ffe2bd17000 	C:\Windows\SYSTEM32\WINHTTP.dll
0x00007ffe32680000 - 0x00007ffe326e9000 	C:\Windows\system32\mswsock.dll
0x00007ffe10310000 - 0x00007ffe10326000 	C:\Users\kenny\.jdks\openjdk-20\bin\nio.dll
0x00007ffe20c70000 - 0x00007ffe20c8a000 	C:\Program Files\JetBrains\IntelliJ IDEA Community Edition 2022.3.3\bin\breakgen64.dll
0x00007ffe11be0000 - 0x00007ffe11be7000 	C:\Users\kenny\.jdks\openjdk-20\bin\extnet.dll
0x00007ffe20ce0000 - 0x00007ffe20cea000 	C:\Users\kenny\.jdks\openjdk-20\bin\management.dll
0x00007ffe20cd0000 - 0x00007ffe20cdb000 	C:\Users\kenny\.jdks\openjdk-20\bin\management_ext.dll
0x00007ffe35bc0000 - 0x00007ffe35bc8000 	C:\Windows\System32\PSAPI.DLL

dbghelp: loaded successfully - version: 4.0.5 - missing functions: none
symbol engine: initialized successfully - sym options: 0x614 - pdb path: .;C:\Users\kenny\.jdks\openjdk-20\bin;C:\Windows\SYSTEM32;C:\Windows\WinSxS\amd64_microsoft.windows.common-controls_6595b64144ccf1df_6.0.22621.608_none_a9444ca7c10bb01d;C:\Users\kenny\.jdks\openjdk-20\bin\server;C:\Program Files\JetBrains\IntelliJ IDEA Community Edition 2022.3.3\bin

VM Arguments:
jvm_args: -javaagent:C:\Users\kenny\AppData\Local\JetBrains\IdeaIC2022.3\testAgent\intellij-coverage-agent-1.0.682.jar=C:\Users\kenny\AppData\Local\Temp\coverageargs -Didea.new.sampling.coverage=true -Dcoverage.ignore.private.constructor.util.class=true -javaagent:C:\Program Files\JetBrains\IntelliJ IDEA Community Edition 2022.3.3\lib\idea_rt.jar=52513:C:\Program Files\JetBrains\IntelliJ IDEA Community Edition 2022.3.3\bin -Dfile.encoding=UTF-8 -Dsun.stdout.encoding=UTF-8 -Dsun.stderr.encoding=UTF-8 
java_command: com.example.Javatest.JavatestApplication
java_class_path (initial): C:\Users\kenny\OneDrive\Escritorio\Javatest\target\classes;C:\Users\kenny\.m2\repository\org\springframework\boot\spring-boot-starter-data-jpa\3.0.5\spring-boot-starter-data-jpa-3.0.5.jar;C:\Users\kenny\.m2\repository\org\springframework\boot\spring-boot-starter-aop\3.0.5\spring-boot-starter-aop-3.0.5.jar;C:\Users\kenny\.m2\repository\org\springframework\spring-aop\6.0.7\spring-aop-6.0.7.jar;C:\Users\kenny\.m2\repository\org\aspectj\aspectjweaver\1.9.19\aspectjweaver-1.9.19.jar;C:\Users\kenny\.m2\repository\org\springframework\boot\spring-boot-starter-jdbc\3.0.5\spring-boot-starter-jdbc-3.0.5.jar;C:\Users\kenny\.m2\repository\com\zaxxer\HikariCP\5.0.1\HikariCP-5.0.1.jar;C:\Users\kenny\.m2\repository\org\springframework\spring-jdbc\6.0.7\spring-jdbc-6.0.7.jar;C:\Users\kenny\.m2\repository\org\hibernate\orm\hibernate-core\6.1.7.Final\hibernate-core-6.1.7.Final.jar;C:\Users\kenny\.m2\repository\jakarta\persistence\jakarta.persistence-api\3.1.0\jakarta.persistence-api-3.1.0.jar;C:\Users\kenny\.m2\repository\jakarta\transaction\jakarta.transaction-api\2.0.1\jakarta.transaction-api-2.0.1.jar;C:\Users\kenny\.m2\repository\org\jboss\logging\jboss-logging\3.5.0.Final\jboss-logging-3.5.0.Final.jar;C:\Users\kenny\.m2\repository\org\hibernate\common\hibernate-commons-annotations\6.0.6.Final\hibernate-commons-annotations-6.0.6.Final.jar;C:\Users\kenny\.m2\repository\org\jboss\jandex\2.4.2.Final\jandex-2.4.2.Final.jar;C:\Users\kenny\.m2\repository\com\fasterxml\classmate\1.5.1\classmate-1.5.1.jar;C:\Users\kenny\.m2\repository\net\bytebuddy\byte-buddy\1.12.23\byte-buddy-1.12.23.jar;C:\Users\kenny\.m2\repository\org\glassfish\jaxb\jaxb-runtime\4.0.2\jaxb-runtime-4.0.2.jar;C:\Users\kenny\.m2\repository\org\glassfish\jaxb\jaxb-core\4.0.2\jaxb-core-4.0.2.jar;C:\Users\kenny\.m2\repository\org\eclipse\angus\angus-activation\2.0.0\angus-activation-2.0.0.jar;C:\Users\kenny\.m2\repository\org\glassfish\jaxb\txw2\4.0.2\txw2-4.0.2.jar;C:\Users\kenny\.m2\repository\com\sun\istack\istack-commons-runtime\4.1.1\istack-commons-runtime-4.1.1.jar;C:\Users\kenny\.m2\repository\jakarta\inject\jakarta.inject-api\2.0.0\jakarta.inject-api-2.0.0.jar;C:\Users\kenny\.m2\repository\org\antlr\antlr4-runtime\4.10.1\antlr4-runtime-4.10.1.jar;C:\Users\kenny\.m2\repository\org\springframework\data\spring-data-jpa\3.0.4\spring-data-jpa-3.0.4.jar;C:\Users\kenny\.m2\repository\org\springframework\data\spring-data-commons\3.0.4\spring-data-commons-3.0.4.jar;C:\Users\kenny\.m2\repository\org\springframework\spring-orm\6.0.7\spring-orm-6.0.7.jar;C:\Users\kenny\.m2\repository\org\springframework\spring-context\6.0.7\spring-context-6.0.7.jar;C:\Users\kenny\.m2\repository\org\springframework\spring-tx\6.0.7\spring-tx-6.0.7.jar;C:\Users\kenny\.m2\repository\org\springframework\spring-beans\6.0.7\spring-beans-6.0.7.jar;C:\Users\kenny\.m2\repository\jakarta\annotation\jakarta.annotation-api\2.1.1\jakarta.annotation-api-2.1.1.jar;C:\Users\kenny\.m2\repository\org\slf4j\slf4j-api\2.0.7\slf4j-api-2.0.7.jar;C:\Users\kenny\.m2\repository\org\springframework\spring-aspects\6.0.7\spring-aspects-6.0.7.jar;C:\Users\kenny\.m2\repository\org\springframework\boot\spring-boot-starter-web\3.0.5\spring-boot-starter-web-3.0.5.jar;C:\Users\kenny\.m2\repository\org\springframework\boot\spring-boot-starter\3.0.5\spring-boot-starter-3.0.5.jar;C:\Users\kenny\.m2\repository\org\springframework\boot\spring-boot-starter-logging\3.0.5\spring-boot-starter-logging-3.0.5.jar;C:\Users\kenny\.m2\repository\ch\qos\logback\logback-classic\1.4.6\logback-classic-1.4.6.jar;C:\Users\kenny\.m2\repository\ch\qos\logback\logback-core\1.4.6\logback-core-1.4.6.jar;C:\Users\kenny\.m2\repository\org\apache\logging\log4j\log4j-to-slf4j\2.19.0\log4j-to-slf4j-2.19.0.jar;C:\Users\kenny\.m2\repository\org\apache\logging\log4j\log4j-api\2.19.0\log4j-api-2.19.0.jar;C:\Users\kenny\.m2\repository\org\slf4j\jul-to-slf4j\2.0.7\jul-to-slf4j-2.0.7.jar;C:\Users\kenny\.m2\repository\org\yaml\snakeyaml\1.33\snakeyaml-1.33.jar;C:\Users\kenny\.m2\repository\org\springframework\boot\spring-boot-starter-json\3.0.5\spring-boot-starter-json-3.0.5.jar;C:\Users\kenny\.m2\repository\com\fasterxml\jackson\datatype\jackson-datatype-jdk8\2.14.2\jackson-datatype-jdk8-2.14.2.jar;C:\Users\kenny\.m2\repository\com\fasterxml\jackson\module\jackson-module-parameter-names\2.14.2\jackson-module-parameter-names-2.14.2.jar;C:\Users\kenny\.m2\repository\org\springframework\boot\spring-boot-starter-tomcat\3.0.5\spring-boot-starter-tomcat-3.0.5.jar;C:\Users\kenny\.m2\repository\org\apache\tomcat\embed\tomcat-embed-core\10.1.7\tomcat-embed-core-10.1.7.jar;C:\Users\kenny\.m2\repository\org\apache\tomcat\embed\tomcat-embed-el\10.1.7\tomcat-embed-el-10.1.7.jar;C:\Users\kenny\.m2\repository\org\apache\tomcat\embed\tomcat-embed-websocket\10.1.7\tomcat-embed-websocket-10.1.7.jar;C:\Users\kenny\.m2\repository\org\springframework\spring-web\6.0.7\spring-web-6.0.7.jar;C:\Users\kenny\.m2\repository\io\micrometer\micrometer-observation\1.10.5\micrometer-observation-1.10.5.jar;C:\Users\kenny\.m2\repository\io\micrometer\micrometer-commons\1.10.5\micrometer-commons-1.10.5.jar;C:\Users\kenny\.m2\repository\org\springframework\spring-webmvc\6.0.7\spring-webmvc-6.0.7.jar;C:\Users\kenny\.m2\repository\org\springframework\spring-expression\6.0.7\spring-expression-6.0.7.jar;C:\Users\kenny\.m2\repository\org\springframework\boot\spring-boot-devtools\3.0.5\spring-boot-devtools-3.0.5.jar;C:\Users\kenny\.m2\repository\org\springframework\boot\spring-boot\3.0.5\spring-boot-3.0.5.jar;C:\Users\kenny\.m2\repository\org\springframework\boot\spring-boot-autoconfigure\3.0.5\spring-boot-autoconfigure-3.0.5.jar;C:\Users\kenny\.m2\repository\com\h2database\h2\2.1.214\h2-2.1.214.jar;C:\Users\kenny\.m2\repository\jakarta\xml\bind\jakarta.xml.bind-api\4.0.0\jakarta.xml.bind-api-4.0.0.jar;C:\Users\kenny\.m2\repository\jakarta\activation\jakarta.activation-api\2.1.1\jakarta.activation-api-2.1.1.jar;C:\Users\kenny\.m2\repository\org\springframework\spring-core\6.0.7\spring-core-6.0.7.jar;C:\Users\kenny\.m2\repository\org\springframework\spring-jcl\6.0.7\spring-jcl-6.0.7.jar;C:\Users\kenny\.m2\repository\org\jetbrains\annotations\24.0.1\annotations-24.0.1.jar;C:\Users\kenny\.m2\repository\com\fasterxml\jackson\datatype\jackson-datatype-jsr310\2.14.2\jackson-datatype-jsr310-2.14.2.jar;C:\Users\kenny\.m2\repository\com\fasterxml\jackson\core\jackson-annotations\2.14.2\jackson-annotations-2.14.2.jar;C:\Users\kenny\.m2\repository\com\fasterxml\jackson\core\jackson-core\2.14.2\jackson-core-2.14.2.jar;C:\Users\kenny\.m2\repository\com\fasterxml\jackson\core\jackson-databind\2.14.2\jackson-databind-2.14.2.jar;C:\Users\kenny\.m2\repository\org\projectlombok\lombok\1.18.26\lombok-1.18.26.jar
Launcher Type: SUN_STANDARD

[Global flags]
     intx CICompilerCount                          = 4                                         {product} {ergonomic}
     uint ConcGCThreads                            = 3                                         {product} {ergonomic}
     uint G1ConcRefinementThreads                  = 10                                        {product} {ergonomic}
   size_t G1HeapRegionSize                         = 2097152                                   {product} {ergonomic}
    uintx GCDrainStackTargetSize                   = 64                                        {product} {ergonomic}
   size_t InitialHeapSize                          = 266338304                                 {product} {ergonomic}
   size_t MarkStackSize                            = 4194304                                   {product} {ergonomic}
   size_t MaxHeapSize                              = 4253024256                                {product} {ergonomic}
   size_t MaxNewSize                               = 2550136832                                {product} {ergonomic}
   size_t MinHeapDeltaBytes                        = 2097152                                   {product} {ergonomic}
   size_t MinHeapSize                              = 8388608                                   {product} {ergonomic}
    uintx NonNMethodCodeHeapSize                   = 5839372                                {pd product} {ergonomic}
    uintx NonProfiledCodeHeapSize                  = 122909434                              {pd product} {ergonomic}
    uintx ProfiledCodeHeapSize                     = 122909434                              {pd product} {ergonomic}
    uintx ReservedCodeCacheSize                    = 251658240                              {pd product} {ergonomic}
     bool SegmentedCodeCache                       = true                                      {product} {ergonomic}
   size_t SoftMaxHeapSize                          = 4253024256                             {manageable} {ergonomic}
     bool UseCompressedClassPointers               = true                           {product lp64_product} {ergonomic}
     bool UseCompressedOops                        = true                           {product lp64_product} {ergonomic}
     bool UseG1GC                                  = true                                      {product} {ergonomic}
     bool UseLargePagesIndividualAllocation        = false                                  {pd product} {ergonomic}

Logging:
Log output configuration:
 #0: stdout all=warning uptime,level,tags foldmultilines=false
 #1: stderr all=off uptime,level,tags foldmultilines=false

Environment Variables:
PATH=C:\Program Files\Common Files\Oracle\Java\javapath;C:\Program Files (x86)\Common Files\Oracle\Java\javapath;C:\Windows\system32;C:\Windows;C:\Windows\System32\Wbem;C:\Windows\System32\WindowsPowerShell\v1.0\;C:\Windows\System32\OpenSSH\;C:\Program Files\NVIDIA Corporation\NVIDIA NvDLISR;C:\Program Files (x86)\NVIDIA Corporation\PhysX\Common;C:\Users\kenny\AppData\Local\Microsoft\WindowsApps;
USERNAME=kenny
OS=Windows_NT
PROCESSOR_IDENTIFIER=Intel64 Family 6 Model 158 Stepping 10, GenuineIntel
TMP=C:\Users\kenny\AppData\Local\Temp
TEMP=C:\Users\kenny\AppData\Local\Temp




---------------  S Y S T E M  ---------------

OS:
 Windows 11 , 64 bit Build 22621 (10.0.22621.1485)
OS uptime: 0 days 3:06 hours

CPU: total 12 (initial active 12) (6 cores per cpu, 2 threads per core) family 6 model 158 stepping 10 microcode 0xde, cx8, cmov, fxsr, ht, mmx, 3dnowpref, sse, sse2, sse3, ssse3, sse4.1, sse4.2, popcnt, lzcnt, tsc, tscinvbit, avx, avx2, aes, erms, clmul, bmi1, bmi2, adx, fma, vzeroupper, clflush, clflushopt, rdtscp, f16c

Memory: 4k page, system-wide physical 16221M (8147M free)
TotalPageFile size 25949M (AvailPageFile size 14090M)
current process WorkingSet (physical memory assigned to process): 103M, peak: 103M
current process commit charge ("private bytes"): 369M, peak: 369M

vm_info: OpenJDK 64-Bit Server VM (20+36-2344) for windows-amd64 JRE (20+36-2344), built on 2023-02-10T19:30:15Z by "mach5one" with MS VC++ 17.1 (VS2022)

END.
