#
# A fatal error has been detected by the Java Runtime Environment:
#
#  EXCEPTION_ACCESS_VIOLATION (0xc0000005) at pc=0x00007ffbb1c5b660, pid=8952, tid=14320
#
# JRE version: OpenJDK Runtime Environment (20.0+36) (build 20+36-2344)
# Java VM: OpenJDK 64-Bit Server VM (20+36-2344, mixed mode, sharing, tiered, compressed oops, compressed class ptrs, g1 gc, windows-amd64)
# Problematic frame:
# V  [jvm.dll+0x2eb660]
#
# No core dump will be written. Minidumps are not enabled by default on client versions of Windows
#
# If you would like to submit a bug report, please visit:
#   https://bugreport.java.com/bugreport/crash.jsp
#

---------------  S U M M A R Y ------------

Command Line: -javaagent:C:\Program Files\JetBrains\IntelliJ IDEA Community Edition 2022.3.3\lib\idea_rt.jar=49992:C:\Program Files\JetBrains\IntelliJ IDEA Community Edition 2022.3.3\bin -Dfile.encoding=UTF-8 -Dsun.stdout.encoding=UTF-8 -Dsun.stderr.encoding=UTF-8 com.example.Javatest.JavatestApplication

Host: Intel(R) Core(TM) i7-9750H CPU @ 2.60GHz, 12 cores, 15G,  Windows 11 , 64 bit Build 22621 (10.0.22621.1485)
Time: Sat Apr 15 23:49:24 2023 Hora de verano romance elapsed time: 0.544018 seconds (0d 0h 0m 0s)

---------------  T H R E A D  ---------------

Current thread (0x0000019c7f1ef0a0):  JavaThread "restartedMain" [_thread_in_vm, id=14320, stack(0x0000008995d00000,0x0000008995e00000)]

Stack: [0x0000008995d00000,0x0000008995e00000],  sp=0x0000008995dfd700,  free space=1013k
Native frames: (J=compiled Java code, j=interpreted, Vv=VM code, C=native code)
V  [jvm.dll+0x2eb660]
V  [jvm.dll+0x2eb522]
V  [jvm.dll+0x7c37f4]
V  [jvm.dll+0x7c414f]
V  [jvm.dll+0x7c3df8]
V  [jvm.dll+0x27024b]
V  [jvm.dll+0x3d84fe]
C  0x0000019c0755f894

Java frames: (J=compiled Java code, j=interpreted, Vv=VM code)
j  java.util.logging.LogManager$LoggerContext.<init>(Ljava/util/logging/LogManager;)V+21 java.logging@20
j  java.util.logging.LogManager$SystemLoggerContext.<init>(Ljava/util/logging/LogManager;)V+2 java.logging@20
j  java.util.logging.LogManager.<init>(Ljava/lang/Void;)V+21 java.logging@20
j  java.util.logging.LogManager.<init>()V+4 java.logging@20
j  java.util.logging.LogManager$1.run()Ljava/util/logging/LogManager;+83 java.logging@20
j  java.util.logging.LogManager$1.run()Ljava/lang/Object;+1 java.logging@20
j  java.security.AccessController.executePrivileged(Ljava/security/PrivilegedAction;Ljava/security/AccessControlContext;Ljava/lang/Class;)Ljava/lang/Object;+29 java.base@20
j  java.security.AccessController.doPrivileged(Ljava/security/PrivilegedAction;)Ljava/lang/Object;+5 java.base@20
j  java.util.logging.LogManager.<clinit>()V+29 java.logging@20
v  ~StubRoutines::call_stub 0x0000019c0753100d
j  org.springframework.boot.logging.logback.LogbackLoggingSystem.isJulUsingASingleConsoleHandlerAtMost()Z+0
j  org.springframework.boot.logging.logback.LogbackLoggingSystem.isBridgeJulIntoSlf4j()Z+8
j  org.springframework.boot.logging.logback.LogbackLoggingSystem.configureJdkLoggingBridgeHandler()V+1
j  org.springframework.boot.logging.logback.LogbackLoggingSystem.beforeInitialize()V+19
j  org.springframework.boot.context.logging.LoggingApplicationListener.onApplicationStartingEvent(Lorg/springframework/boot/context/event/ApplicationStartingEvent;)V+18
j  org.springframework.boot.context.logging.LoggingApplicationListener.onApplicationEvent(Lorg/springframework/context/ApplicationEvent;)V+14
j  org.springframework.context.event.SimpleApplicationEventMulticaster.doInvokeListener(Lorg/springframework/context/ApplicationListener;Lorg/springframework/context/ApplicationEvent;)V+2
j  org.springframework.context.event.SimpleApplicationEventMulticaster.invokeListener(Lorg/springframework/context/ApplicationListener;Lorg/springframework/context/ApplicationEvent;)V+34
j  org.springframework.context.event.SimpleApplicationEventMulticaster.multicastEvent(Lorg/springframework/context/ApplicationEvent;Lorg/springframework/core/ResolvableType;)V+83
j  org.springframework.context.event.SimpleApplicationEventMulticaster.multicastEvent(Lorg/springframework/context/ApplicationEvent;)V+7
j  org.springframework.boot.context.event.EventPublishingRunListener.multicastInitialEvent(Lorg/springframework/context/ApplicationEvent;)V+9
j  org.springframework.boot.context.event.EventPublishingRunListener.starting(Lorg/springframework/boot/ConfigurableBootstrapContext;)V+17
j  org.springframework.boot.SpringApplicationRunListeners.lambda$starting$0(Lorg/springframework/boot/ConfigurableBootstrapContext;Lorg/springframework/boot/SpringApplicationRunListener;)V+2
j  org.springframework.boot.SpringApplicationRunListeners$$Lambda$59+0x000000080103d880.accept(Ljava/lang/Object;)V+8
j  java.lang.Iterable.forEach(Ljava/util/function/Consumer;)V+30 java.base@20
j  org.springframework.boot.SpringApplicationRunListeners.doWithListeners(Ljava/lang/String;Ljava/util/function/Consumer;Ljava/util/function/Consumer;)V+17
j  org.springframework.boot.SpringApplicationRunListeners.starting(Lorg/springframework/boot/ConfigurableBootstrapContext;Ljava/lang/Class;)V+15
j  org.springframework.boot.SpringApplication.run([Ljava/lang/String;)Lorg/springframework/context/ConfigurableApplicationContext;+32
j  org.springframework.boot.SpringApplication.run([Ljava/lang/Class;[Ljava/lang/String;)Lorg/springframework/context/ConfigurableApplicationContext;+9
j  org.springframework.boot.SpringApplication.run(Ljava/lang/Class;[Ljava/lang/String;)Lorg/springframework/context/ConfigurableApplicationContext;+9
j  com.example.Javatest.JavatestApplication.main([Ljava/lang/String;)V+3
j  java.lang.invoke.LambdaForm$DMH+0x0000000801006000.invokeStatic(Ljava/lang/Object;Ljava/lang/Object;)V+10 java.base@20
j  java.lang.invoke.LambdaForm$MH+0x000000080108d800.invoke(Ljava/lang/Object;Ljava/lang/Object;Ljava/lang/Object;)Ljava/lang/Object;+33 java.base@20
j  java.lang.invoke.Invokers$Holder.invokeExact_MT(Ljava/lang/Object;Ljava/lang/Object;Ljava/lang/Object;Ljava/lang/Object;)Ljava/lang/Object;+20 java.base@20
j  jdk.internal.reflect.DirectMethodHandleAccessor.invokeImpl(Ljava/lang/Object;[Ljava/lang/Object;)Ljava/lang/Object;+55 java.base@20
j  jdk.internal.reflect.DirectMethodHandleAccessor.invoke(Ljava/lang/Object;[Ljava/lang/Object;)Ljava/lang/Object;+23 java.base@20
j  java.lang.reflect.Method.invoke(Ljava/lang/Object;[Ljava/lang/Object;)Ljava/lang/Object;+102 java.base@20
j  org.springframework.boot.devtools.restart.RestartLauncher.run()V+42
v  ~StubRoutines::call_stub 0x0000019c0753100d

siginfo: EXCEPTION_ACCESS_VIOLATION (0xc0000005), reading address 0x0000040000000008


Registers:
RAX=0x0000040000000000, RBX=0x00000008005adac8, RCX=0x0000019c7edbc2b0, RDX=0x000000080017f5a8
RSP=0x0000008995dfd700, RBP=0x0000019c69d5d240, RSI=0x0000000000000000, RDI=0x0000019c7f1ef0a0
R8 =0x0000019c7a504f28, R9 =0x0000000000000000, R10=0x0000000800a56590, R11=0x0000008995dfd7c0
R12=0x00000008005adac8, R13=0x0000019c67af49d0, R14=0x0000000000000000, R15=0x0000019c7f1ef0a0
RIP=0x00007ffbb1c5b660, EFLAGS=0x0000000000010206


Register to memory mapping:

RIP=0x00007ffbb1c5b660 jvm.dll
RAX=0x0000040000000000 is an unknown value
RBX=0x00000008005adac8 is pointing into metadata
RCX=0x0000019c7edbc2b0 points into unknown readable memory: 0x000000080017f5a8 | a8 f5 17 00 08 00 00 00
RDX=0x000000080017f5a8 is a pointer to class: 
jdk.internal.loader.BuiltinClassLoader$5 {0x000000080017f5b0}
 - instance size:     2
 - klass size:        73
 - access:            synchronized 
 - state:             fully_initialized
 - name:              'jdk/internal/loader/BuiltinClassLoader$5'
 - super:             'java/lang/Object'
 - sub:               
 - arrays:            NULL
 - methods:           Array<T>(0x0000000800827518)
 - method ordering:   Array<T>(0x00000008008275b8)
 - default_methods:   Array<T>(0x00000008008275a0)
 - default vtable indices:   Array<T>(0x00000008008275c8)
 - local interfaces:  Array<T>(0x0000000800827200)
 - trans. interfaces: Array<T>(0x0000000800827200)
 - constants:         constant pool [55] {0x0000000800827298} for 'jdk/internal/loader/BuiltinClassLoader$5' cache=0x000000080017f888
 - class loader data:  loader data: 0x0000019c67af49d0 of 'bootstrap'
 - source file:       'BuiltinClassLoader.java'
 - class annotations:       Array<T>(0x0000000000000000)
 - class type annotations:  Array<T>(0x0000000000000000)
 - field annotations:       Array<T>(0x0000000000000000)
 - field type annotations:  Array<T>(0x0000000000000000)
 - generic signature: 'Ljava/lang/Object;Ljava/util/function/Function<Ljava/lang/module/ModuleReference;Ljava/lang/module/ModuleReader;>;'
 - inner classes:     Array<T>(0x00000008008274f8)
 - nest members:     Array<T>(0x000000080060e020)
 - permitted subclasses:     Array<T>(0x000000080060e020)
 - java mirror:       a 'java/lang/Class'{0x0000000711c65700} = 'jdk/internal/loader/BuiltinClassLoader$5'
 - vtable length      9  (start addr: 0x000000080017f768)
 - itable length      7 (start addr: 0x000000080017f7b0)
 - ---- static fields (0 words):
 - ---- non-static fields (1 words):
 - final synthetic 'val$mref' 'Ljava/lang/module/ModuleReference;' @12 
 - non-static oop maps: 12-12 
RSP=0x0000008995dfd700 is pointing into the stack for thread: 0x0000019c7f1ef0a0
RBP=0x0000019c69d5d240 points into unknown readable memory: 0x0000000000000000 | 00 00 00 00 00 00 00 00
RSI=0x0 is NULL
RDI=0x0000019c7f1ef0a0 is a thread
R8 =0x0000019c7a504f28 points into unknown readable memory: 0x0000019c7edbc510 | 10 c5 db 7e 9c 01 00 00
R9 =0x0 is NULL
R10=0x0000000800a56590 is pointing into metadata
R11=0x0000008995dfd7c0 is pointing into the stack for thread: 0x0000019c7f1ef0a0
R12=0x00000008005adac8 is pointing into metadata
R13=0x0000019c67af49d0 points into unknown readable memory: 0x0000000000000000 | 00 00 00 00 00 00 00 00
R14=0x0 is NULL
R15=0x0000019c7f1ef0a0 is a thread


Top of Stack: (sp=0x0000008995dfd700)
0x0000008995dfd700:   0000000800a57600 0000019c000000b7
0x0000008995dfd710:   0000000000000812 0000000800a56590
0x0000008995dfd720:   0000000000000000 0000000000000000
0x0000008995dfd730:   0000000000000024 00007ffbb1c5b522
0x0000008995dfd740:   0000019c7f1ef0a0 0000000000000000
0x0000008995dfd750:   0000000000000001 0000019c0754d810
0x0000008995dfd760:   0000000000000000 00007ffbb21337f4
0x0000008995dfd770:   0000000000000000 0000008995dfd9f0
0x0000008995dfd780:   0000008995dfd9f0 0000019c07562e79
0x0000008995dfd790:   0000019c0754d810 0000000000000000
0x0000008995dfd7a0:   0000000000000000 0000019c7a4ff7a0
0x0000008995dfd7b0:   0000008995dfd9f0 0000000000000000
0x0000008995dfd7c0:   0000000000000000 0000000800a57600
0x0000008995dfd7d0:   0000000000000000 0000019c7f1ef0a0
0x0000008995dfd7e0:   0000008995dfd8f0 00007ffbb1d4b652
0x0000008995dfd7f0:   00000008003b7540 0000019c7f1ef0a0
0x0000008995dfd800:   0000019c7f1ef0a0 0000019c7f12f610
0x0000008995dfd810:   0000019c7ee13a00 0000019c7ee13a38
0x0000008995dfd820:   0000019c7ee13ae8 00000000000000d8
0x0000008995dfd830:   0000008995dfdff0 0000019c7f1ef0a0
0x0000008995dfd840:   0000000000000014 00000008005adac8
0x0000008995dfd850:   0000019c7f1ef0a0 0000000000000003
0x0000008995dfd860:   0000000000000001 00007ffbb213414f
0x0000008995dfd870:   0000019c7a62c670 000000000000000d
0x0000008995dfd880:   0000000000000000 0000000000000000
0x0000008995dfd890:   0000019c7a62c690 0000019c7a4f66d0
0x0000008995dfd8a0:   0000019c7a4f66d0 0000019c7aa74c18
0x0000008995dfd8b0:   0000008995dfd9c0 00007ffbb1d4b65f
0x0000008995dfd8c0:   0000008995dfd980 00007ffbb1fd07bc
0x0000008995dfd8d0:   0000000000000014 0000008995dfd9b0
0x0000008995dfd8e0:   0000000800a57665 0000000000000003
0x0000008995dfd8f0:   0000019c7f1ef0a0 00007ffbb2133df8 

Instructions: (pc=0x00007ffbb1c5b660)
0x00007ffbb1c5b560:   33 c0 48 83 c4 20 5f c3 cc cc cc cc cc cc cc cc
0x00007ffbb1c5b570:   48 83 ec 28 e8 17 00 00 00 48 85 c0 74 08 48 8b
0x00007ffbb1c5b580:   00 48 83 c4 28 c3 48 83 c4 28 c3 cc cc cc cc cc
0x00007ffbb1c5b590:   48 89 5c 24 10 48 89 6c 24 18 56 57 41 56 48 83
0x00007ffbb1c5b5a0:   ec 20 48 8b b2 e8 00 00 00 45 33 f6 48 8b 69 08
0x00007ffbb1c5b5b0:   49 8b d8 48 8b fa 48 8b c6 40 f6 c6 01 75 0b 48
0x00007ffbb1c5b5c0:   8b 05 ba 50 8c 00 48 83 c8 01 48 89 82 e8 00 00
0x00007ffbb1c5b5d0:   00 e8 ba 18 3c 00 90 48 8b 45 50 48 85 c0 74 0a
0x00007ffbb1c5b5e0:   4c 89 75 50 e8 a7 18 3c 00 90 8b 0b 0f b6 43 07
0x00007ffbb1c5b5f0:   0f b6 53 06 48 c1 e2 08 48 0b d0 c1 e9 10 0f b7
0x00007ffbb1c5b600:   43 04 48 c1 e0 08 48 33 d0 48 8b c3 48 83 e0 f8
0x00007ffbb1c5b610:   48 c1 e2 03 48 33 d0 0f b7 c1 81 e2 ff ff 07 00
0x00007ffbb1c5b620:   48 c1 e2 0d 48 0b d0 48 8b 45 10 48 8b 48 18 48
0x00007ffbb1c5b630:   8b 00 48 23 ca 4c 8d 04 c8 48 8b 04 c8 d0 e8 a8
0x00007ffbb1c5b640:   01 74 12 48 8b 45 18 48 8b 48 18 48 8b 00 48 23
0x00007ffbb1c5b650:   ca 4c 8d 04 c8 49 8b 00 48 83 e0 fc 74 17 66 90
0x00007ffbb1c5b660:   48 8b 48 08 48 8b 11 48 39 5a 18 74 08 48 8b 00
0x00007ffbb1c5b670:   48 85 c0 75 eb 48 85 c0 48 8d 48 08 49 0f 44 ce
0x00007ffbb1c5b680:   48 85 c9 74 05 48 8b 01 eb 03 49 8b c6 48 8b 5c
0x00007ffbb1c5b690:   24 48 48 8b 6c 24 50 48 89 b7 e8 00 00 00 48 83
0x00007ffbb1c5b6a0:   c4 20 41 5e 5f 5e c3 cc cc cc cc cc cc cc cc cc
0x00007ffbb1c5b6b0:   4d 3b c1 0f 83 14 02 00 00 4c 89 4c 24 20 55 41
0x00007ffbb1c5b6c0:   55 41 57 48 83 ec 50 48 89 5c 24 70 4d 8b e8 48
0x00007ffbb1c5b6d0:   89 74 24 48 4c 8b fa 48 89 7c 24 40 48 8b e9 4c
0x00007ffbb1c5b6e0:   89 64 24 38 4c 89 74 24 30 0f 1f 80 00 00 00 00
0x00007ffbb1c5b6f0:   48 8b 45 10 48 8b 08 4a 8d 3c e9 33 db 0f 1f 00
0x00007ffbb1c5b700:   48 8b 07 a8 01 75 15 48 8b 07 48 83 e0 fc 48 8b
0x00007ffbb1c5b710:   c8 48 83 c9 01 f0 48 0f b1 0f 74 18 ff c3 81 fb
0x00007ffbb1c5b720:   00 20 00 00 75 07 e8 35 c3 3c 00 eb ce e8 ee 1c
0x00007ffbb1c5b730:   d2 ff eb cc 48 8b 45 10 4c 8b 60 10 48 8b 07 4d
0x00007ffbb1c5b740:   03 e5 48 8b 4d 18 4e 8d 04 e5 00 00 00 00 4c 89
0x00007ffbb1c5b750:   44 24 20 48 8b 11 4a 89 04 ea 48 8b 07 48 8b 4d 


Stack slot to memory mapping:
stack at sp + 0 slots: 0x0000000800a57600 is pointing into metadata
stack at sp + 1 slots: 0x0000019c000000b7 is at entry_point+-233 in (nmethod*)0x0000019c00000010
Compiled method (c1)     571    1       3       java.lang.Object::<init> (1 bytes)
 total in heap  [0x0000019c00000010,0x0000019c00000308] = 760
 relocation     [0x0000019c00000158,0x0000019c00000188] = 48
 main code      [0x0000019c000001a0,0x0000019c00000278] = 216
 stub code      [0x0000019c00000278,0x0000019c000002b0] = 56
 metadata       [0x0000019c000002b0,0x0000019c000002c0] = 16
 scopes data    [0x0000019c000002c0,0x0000019c000002d0] = 16
 scopes pcs     [0x0000019c000002d0,0x0000019c00000300] = 48
 dependencies   [0x0000019c00000300,0x0000019c00000308] = 8
stack at sp + 2 slots: 0x0000000000000812 is an unknown value
stack at sp + 3 slots: 0x0000000800a56590 is pointing into metadata
stack at sp + 4 slots: 0x0 is NULL
stack at sp + 5 slots: 0x0 is NULL
stack at sp + 6 slots: 0x0000000000000024 is an unknown value
stack at sp + 7 slots: 0x00007ffbb1c5b522 jvm.dll


---------------  P R O C E S S  ---------------

Threads class SMR info:
_java_thread_list=0x0000019c7edc0ca0, length=16, elements={
0x0000019c69cc31a0, 0x0000019c7a6558d0, 0x0000019c7a656410, 0x0000019c7a65bf10,
0x0000019c7a65e860, 0x0000019c7a65f1a0, 0x0000019c7a669030, 0x0000019c7a66d570,
0x0000019c7a66def0, 0x0000019c7a623980, 0x0000019c7ea39e20, 0x0000019c7ea4bb50,
0x0000019c7eddb9f0, 0x0000019c7eddbf40, 0x0000019c7f0439c0, 0x0000019c7f1ef0a0
}

Java Threads: ( => current thread )
  0x0000019c69cc31a0 JavaThread "main" [_thread_blocked, id=2008, stack(0x0000008994700000,0x0000008994800000)]
  0x0000019c7a6558d0 JavaThread "Reference Handler" daemon [_thread_blocked, id=20008, stack(0x0000008994e00000,0x0000008994f00000)]
  0x0000019c7a656410 JavaThread "Finalizer" daemon [_thread_blocked, id=17496, stack(0x0000008994f00000,0x0000008995000000)]
  0x0000019c7a65bf10 JavaThread "Signal Dispatcher" daemon [_thread_blocked, id=7488, stack(0x0000008995000000,0x0000008995100000)]
  0x0000019c7a65e860 JavaThread "Attach Listener" daemon [_thread_blocked, id=2028, stack(0x0000008995100000,0x0000008995200000)]
  0x0000019c7a65f1a0 JavaThread "Service Thread" daemon [_thread_blocked, id=7580, stack(0x0000008995200000,0x0000008995300000)]
  0x0000019c7a669030 JavaThread "Monitor Deflation Thread" daemon [_thread_blocked, id=19720, stack(0x0000008995300000,0x0000008995400000)]
  0x0000019c7a66d570 JavaThread "C2 CompilerThread0" daemon [_thread_blocked, id=14048, stack(0x0000008995400000,0x0000008995500000)]
  0x0000019c7a66def0 JavaThread "C1 CompilerThread0" daemon [_thread_blocked, id=9496, stack(0x0000008995500000,0x0000008995600000)]
  0x0000019c7a623980 JavaThread "Common-Cleaner" daemon [_thread_blocked, id=16172, stack(0x0000008995600000,0x0000008995700000)]
  0x0000019c7ea39e20 JavaThread "C2 CompilerThread1" daemon [_thread_blocked, id=15892, stack(0x0000008995700000,0x0000008995800000)]
  0x0000019c7ea4bb50 JavaThread "C2 CompilerThread2" daemon [_thread_blocked, id=4704, stack(0x0000008995800000,0x0000008995900000)]
  0x0000019c7eddb9f0 JavaThread "Monitor Ctrl-Break" daemon [_thread_in_native, id=964, stack(0x0000008995900000,0x0000008995a00000)]
  0x0000019c7eddbf40 JavaThread "Notification Thread" daemon [_thread_blocked, id=9900, stack(0x0000008995a00000,0x0000008995b00000)]
  0x0000019c7f0439c0 JavaThread "Thread-0" [_thread_blocked, id=20444, stack(0x0000008995c00000,0x0000008995d00000)]
=>0x0000019c7f1ef0a0 JavaThread "restartedMain" [_thread_in_vm, id=14320, stack(0x0000008995d00000,0x0000008995e00000)]

Other Threads:
  0x0000019c7a637590 VMThread "VM Thread" [stack: 0x0000008994d00000,0x0000008994e00000] [id=5028]
  0x0000019c7ed0eb60 WatcherThread "VM Periodic Task Thread" [stack: 0x0000008995b00000,0x0000008995c00000] [id=11776]
  0x0000019c69d35e50 WorkerThread "GC Thread#0" [stack: 0x0000008994800000,0x0000008994900000] [id=19616]
  0x0000019c69d46de0 ConcurrentGCThread "G1 Main Marker" [stack: 0x0000008994900000,0x0000008994a00000] [id=7536]
  0x0000019c69d47810 WorkerThread "G1 Conc#0" [stack: 0x0000008994a00000,0x0000008994b00000] [id=16588]
  0x0000019c7a4f6a60 ConcurrentGCThread "G1 Refine#0" [stack: 0x0000008994b00000,0x0000008994c00000] [id=15768]
  0x0000019c7a4f9720 ConcurrentGCThread "G1 Service" [stack: 0x0000008994c00000,0x0000008994d00000] [id=13908]

Threads with active compile tasks:

VM state: not at safepoint (normal execution)

VM Mutex/Monitor currently owned by a thread: None

Heap address: 0x0000000702800000, size: 4056 MB, Compressed Oops mode: Zero based, Oop shift amount: 3

CDS archive(s) mapped at: [0x0000000800000000-0x0000000800c60000-0x0000000800c60000), size 12976128, SharedBaseAddress: 0x0000000800000000, ArchiveRelocationMode: 0.
Compressed class space mapped at: 0x0000000801000000-0x0000000841000000, reserved size: 1073741824
Narrow klass base: 0x0000000800000000, Narrow klass shift: 0, Narrow klass range: 0x100000000

GC Precious Log:
 CardTable entry size: 512
 Card Set container configuration: InlinePtr #cards 4 size 8 Array Of Cards #cards 16 size 48 Howl #buckets 8 coarsen threshold 3686 Howl Bitmap #cards 512 size 80 coarsen threshold 460 Card regions per heap region 1 cards per card region 4096
 CPUs: 12 total, 12 available
 Memory: 16221M
 Large Page Support: Disabled
 NUMA Support: Disabled
 Compressed Oops: Enabled (Zero based)
 Heap Region Size: 2M
 Heap Min Capacity: 8M
 Heap Initial Capacity: 254M
 Heap Max Capacity: 4056M
 Pre-touch: Disabled
 Parallel Workers: 10
 Concurrent Workers: 3
 Concurrent Refinement Workers: 10
 Periodic GC: Disabled

Heap:
 garbage-first heap   total 260096K, used 18432K [0x0000000702800000, 0x0000000800000000)
  region size 2048K, 11 young (22528K), 0 survivors (0K)
 Metaspace       used 5105K, committed 5376K, reserved 1114112K
  class space    used 568K, committed 704K, reserved 1048576K

Heap Regions: E=young(eden), S=young(survivor), O=old, HS=humongous(starts), HC=humongous(continues), CS=collection set, F=free, OA=open archive, CA=closed archive, TAMS=top-at-mark-start, PB=parsable bottom
|   0|0x0000000702800000, 0x0000000702800000, 0x0000000702a00000|  0%| F|  |TAMS 0x0000000702800000| PB 0x0000000702800000| Untracked 
|   1|0x0000000702a00000, 0x0000000702a00000, 0x0000000702c00000|  0%| F|  |TAMS 0x0000000702a00000| PB 0x0000000702a00000| Untracked 
|   2|0x0000000702c00000, 0x0000000702c00000, 0x0000000702e00000|  0%| F|  |TAMS 0x0000000702c00000| PB 0x0000000702c00000| Untracked 
|   3|0x0000000702e00000, 0x0000000702e00000, 0x0000000703000000|  0%| F|  |TAMS 0x0000000702e00000| PB 0x0000000702e00000| Untracked 
|   4|0x0000000703000000, 0x0000000703000000, 0x0000000703200000|  0%| F|  |TAMS 0x0000000703000000| PB 0x0000000703000000| Untracked 
|   5|0x0000000703200000, 0x0000000703200000, 0x0000000703400000|  0%| F|  |TAMS 0x0000000703200000| PB 0x0000000703200000| Untracked 
|   6|0x0000000703400000, 0x0000000703400000, 0x0000000703600000|  0%| F|  |TAMS 0x0000000703400000| PB 0x0000000703400000| Untracked 
|   7|0x0000000703600000, 0x0000000703600000, 0x0000000703800000|  0%| F|  |TAMS 0x0000000703600000| PB 0x0000000703600000| Untracked 
|   8|0x0000000703800000, 0x0000000703800000, 0x0000000703a00000|  0%| F|  |TAMS 0x0000000703800000| PB 0x0000000703800000| Untracked 
|   9|0x0000000703a00000, 0x0000000703a00000, 0x0000000703c00000|  0%| F|  |TAMS 0x0000000703a00000| PB 0x0000000703a00000| Untracked 
|  10|0x0000000703c00000, 0x0000000703c00000, 0x0000000703e00000|  0%| F|  |TAMS 0x0000000703c00000| PB 0x0000000703c00000| Untracked 
|  11|0x0000000703e00000, 0x0000000703e00000, 0x0000000704000000|  0%| F|  |TAMS 0x0000000703e00000| PB 0x0000000703e00000| Untracked 
|  12|0x0000000704000000, 0x0000000704000000, 0x0000000704200000|  0%| F|  |TAMS 0x0000000704000000| PB 0x0000000704000000| Untracked 
|  13|0x0000000704200000, 0x0000000704200000, 0x0000000704400000|  0%| F|  |TAMS 0x0000000704200000| PB 0x0000000704200000| Untracked 
|  14|0x0000000704400000, 0x0000000704400000, 0x0000000704600000|  0%| F|  |TAMS 0x0000000704400000| PB 0x0000000704400000| Untracked 
|  15|0x0000000704600000, 0x0000000704600000, 0x0000000704800000|  0%| F|  |TAMS 0x0000000704600000| PB 0x0000000704600000| Untracked 
|  16|0x0000000704800000, 0x0000000704800000, 0x0000000704a00000|  0%| F|  |TAMS 0x0000000704800000| PB 0x0000000704800000| Untracked 
|  17|0x0000000704a00000, 0x0000000704a00000, 0x0000000704c00000|  0%| F|  |TAMS 0x0000000704a00000| PB 0x0000000704a00000| Untracked 
|  18|0x0000000704c00000, 0x0000000704c00000, 0x0000000704e00000|  0%| F|  |TAMS 0x0000000704c00000| PB 0x0000000704c00000| Untracked 
|  19|0x0000000704e00000, 0x0000000704e00000, 0x0000000705000000|  0%| F|  |TAMS 0x0000000704e00000| PB 0x0000000704e00000| Untracked 
|  20|0x0000000705000000, 0x0000000705000000, 0x0000000705200000|  0%| F|  |TAMS 0x0000000705000000| PB 0x0000000705000000| Untracked 
|  21|0x0000000705200000, 0x0000000705200000, 0x0000000705400000|  0%| F|  |TAMS 0x0000000705200000| PB 0x0000000705200000| Untracked 
|  22|0x0000000705400000, 0x0000000705400000, 0x0000000705600000|  0%| F|  |TAMS 0x0000000705400000| PB 0x0000000705400000| Untracked 
|  23|0x0000000705600000, 0x0000000705600000, 0x0000000705800000|  0%| F|  |TAMS 0x0000000705600000| PB 0x0000000705600000| Untracked 
|  24|0x0000000705800000, 0x0000000705800000, 0x0000000705a00000|  0%| F|  |TAMS 0x0000000705800000| PB 0x0000000705800000| Untracked 
|  25|0x0000000705a00000, 0x0000000705a00000, 0x0000000705c00000|  0%| F|  |TAMS 0x0000000705a00000| PB 0x0000000705a00000| Untracked 
|  26|0x0000000705c00000, 0x0000000705c00000, 0x0000000705e00000|  0%| F|  |TAMS 0x0000000705c00000| PB 0x0000000705c00000| Untracked 
|  27|0x0000000705e00000, 0x0000000705e00000, 0x0000000706000000|  0%| F|  |TAMS 0x0000000705e00000| PB 0x0000000705e00000| Untracked 
|  28|0x0000000706000000, 0x0000000706000000, 0x0000000706200000|  0%| F|  |TAMS 0x0000000706000000| PB 0x0000000706000000| Untracked 
|  29|0x0000000706200000, 0x0000000706200000, 0x0000000706400000|  0%| F|  |TAMS 0x0000000706200000| PB 0x0000000706200000| Untracked 
|  30|0x0000000706400000, 0x0000000706400000, 0x0000000706600000|  0%| F|  |TAMS 0x0000000706400000| PB 0x0000000706400000| Untracked 
|  31|0x0000000706600000, 0x0000000706600000, 0x0000000706800000|  0%| F|  |TAMS 0x0000000706600000| PB 0x0000000706600000| Untracked 
|  32|0x0000000706800000, 0x0000000706800000, 0x0000000706a00000|  0%| F|  |TAMS 0x0000000706800000| PB 0x0000000706800000| Untracked 
|  33|0x0000000706a00000, 0x0000000706a00000, 0x0000000706c00000|  0%| F|  |TAMS 0x0000000706a00000| PB 0x0000000706a00000| Untracked 
|  34|0x0000000706c00000, 0x0000000706c00000, 0x0000000706e00000|  0%| F|  |TAMS 0x0000000706c00000| PB 0x0000000706c00000| Untracked 
|  35|0x0000000706e00000, 0x0000000706e00000, 0x0000000707000000|  0%| F|  |TAMS 0x0000000706e00000| PB 0x0000000706e00000| Untracked 
|  36|0x0000000707000000, 0x0000000707000000, 0x0000000707200000|  0%| F|  |TAMS 0x0000000707000000| PB 0x0000000707000000| Untracked 
|  37|0x0000000707200000, 0x0000000707200000, 0x0000000707400000|  0%| F|  |TAMS 0x0000000707200000| PB 0x0000000707200000| Untracked 
|  38|0x0000000707400000, 0x0000000707400000, 0x0000000707600000|  0%| F|  |TAMS 0x0000000707400000| PB 0x0000000707400000| Untracked 
|  39|0x0000000707600000, 0x0000000707600000, 0x0000000707800000|  0%| F|  |TAMS 0x0000000707600000| PB 0x0000000707600000| Untracked 
|  40|0x0000000707800000, 0x0000000707800000, 0x0000000707a00000|  0%| F|  |TAMS 0x0000000707800000| PB 0x0000000707800000| Untracked 
|  41|0x0000000707a00000, 0x0000000707a00000, 0x0000000707c00000|  0%| F|  |TAMS 0x0000000707a00000| PB 0x0000000707a00000| Untracked 
|  42|0x0000000707c00000, 0x0000000707c00000, 0x0000000707e00000|  0%| F|  |TAMS 0x0000000707c00000| PB 0x0000000707c00000| Untracked 
|  43|0x0000000707e00000, 0x0000000707e00000, 0x0000000708000000|  0%| F|  |TAMS 0x0000000707e00000| PB 0x0000000707e00000| Untracked 
|  44|0x0000000708000000, 0x0000000708000000, 0x0000000708200000|  0%| F|  |TAMS 0x0000000708000000| PB 0x0000000708000000| Untracked 
|  45|0x0000000708200000, 0x0000000708200000, 0x0000000708400000|  0%| F|  |TAMS 0x0000000708200000| PB 0x0000000708200000| Untracked 
|  46|0x0000000708400000, 0x0000000708400000, 0x0000000708600000|  0%| F|  |TAMS 0x0000000708400000| PB 0x0000000708400000| Untracked 
|  47|0x0000000708600000, 0x0000000708600000, 0x0000000708800000|  0%| F|  |TAMS 0x0000000708600000| PB 0x0000000708600000| Untracked 
|  48|0x0000000708800000, 0x0000000708800000, 0x0000000708a00000|  0%| F|  |TAMS 0x0000000708800000| PB 0x0000000708800000| Untracked 
|  49|0x0000000708a00000, 0x0000000708a00000, 0x0000000708c00000|  0%| F|  |TAMS 0x0000000708a00000| PB 0x0000000708a00000| Untracked 
|  50|0x0000000708c00000, 0x0000000708c00000, 0x0000000708e00000|  0%| F|  |TAMS 0x0000000708c00000| PB 0x0000000708c00000| Untracked 
|  51|0x0000000708e00000, 0x0000000708e00000, 0x0000000709000000|  0%| F|  |TAMS 0x0000000708e00000| PB 0x0000000708e00000| Untracked 
|  52|0x0000000709000000, 0x0000000709000000, 0x0000000709200000|  0%| F|  |TAMS 0x0000000709000000| PB 0x0000000709000000| Untracked 
|  53|0x0000000709200000, 0x0000000709200000, 0x0000000709400000|  0%| F|  |TAMS 0x0000000709200000| PB 0x0000000709200000| Untracked 
|  54|0x0000000709400000, 0x0000000709400000, 0x0000000709600000|  0%| F|  |TAMS 0x0000000709400000| PB 0x0000000709400000| Untracked 
|  55|0x0000000709600000, 0x0000000709600000, 0x0000000709800000|  0%| F|  |TAMS 0x0000000709600000| PB 0x0000000709600000| Untracked 
|  56|0x0000000709800000, 0x0000000709800000, 0x0000000709a00000|  0%| F|  |TAMS 0x0000000709800000| PB 0x0000000709800000| Untracked 
|  57|0x0000000709a00000, 0x0000000709a00000, 0x0000000709c00000|  0%| F|  |TAMS 0x0000000709a00000| PB 0x0000000709a00000| Untracked 
|  58|0x0000000709c00000, 0x0000000709c00000, 0x0000000709e00000|  0%| F|  |TAMS 0x0000000709c00000| PB 0x0000000709c00000| Untracked 
|  59|0x0000000709e00000, 0x0000000709e00000, 0x000000070a000000|  0%| F|  |TAMS 0x0000000709e00000| PB 0x0000000709e00000| Untracked 
|  60|0x000000070a000000, 0x000000070a000000, 0x000000070a200000|  0%| F|  |TAMS 0x000000070a000000| PB 0x000000070a000000| Untracked 
|  61|0x000000070a200000, 0x000000070a200000, 0x000000070a400000|  0%| F|  |TAMS 0x000000070a200000| PB 0x000000070a200000| Untracked 
|  62|0x000000070a400000, 0x000000070a400000, 0x000000070a600000|  0%| F|  |TAMS 0x000000070a400000| PB 0x000000070a400000| Untracked 
|  63|0x000000070a600000, 0x000000070a600000, 0x000000070a800000|  0%| F|  |TAMS 0x000000070a600000| PB 0x000000070a600000| Untracked 
|  64|0x000000070a800000, 0x000000070a800000, 0x000000070aa00000|  0%| F|  |TAMS 0x000000070a800000| PB 0x000000070a800000| Untracked 
|  65|0x000000070aa00000, 0x000000070aa00000, 0x000000070ac00000|  0%| F|  |TAMS 0x000000070aa00000| PB 0x000000070aa00000| Untracked 
|  66|0x000000070ac00000, 0x000000070ac00000, 0x000000070ae00000|  0%| F|  |TAMS 0x000000070ac00000| PB 0x000000070ac00000| Untracked 
|  67|0x000000070ae00000, 0x000000070ae00000, 0x000000070b000000|  0%| F|  |TAMS 0x000000070ae00000| PB 0x000000070ae00000| Untracked 
|  68|0x000000070b000000, 0x000000070b000000, 0x000000070b200000|  0%| F|  |TAMS 0x000000070b000000| PB 0x000000070b000000| Untracked 
|  69|0x000000070b200000, 0x000000070b200000, 0x000000070b400000|  0%| F|  |TAMS 0x000000070b200000| PB 0x000000070b200000| Untracked 
|  70|0x000000070b400000, 0x000000070b400000, 0x000000070b600000|  0%| F|  |TAMS 0x000000070b400000| PB 0x000000070b400000| Untracked 
|  71|0x000000070b600000, 0x000000070b600000, 0x000000070b800000|  0%| F|  |TAMS 0x000000070b600000| PB 0x000000070b600000| Untracked 
|  72|0x000000070b800000, 0x000000070b800000, 0x000000070ba00000|  0%| F|  |TAMS 0x000000070b800000| PB 0x000000070b800000| Untracked 
|  73|0x000000070ba00000, 0x000000070ba00000, 0x000000070bc00000|  0%| F|  |TAMS 0x000000070ba00000| PB 0x000000070ba00000| Untracked 
|  74|0x000000070bc00000, 0x000000070bc00000, 0x000000070be00000|  0%| F|  |TAMS 0x000000070bc00000| PB 0x000000070bc00000| Untracked 
|  75|0x000000070be00000, 0x000000070be00000, 0x000000070c000000|  0%| F|  |TAMS 0x000000070be00000| PB 0x000000070be00000| Untracked 
|  76|0x000000070c000000, 0x000000070c000000, 0x000000070c200000|  0%| F|  |TAMS 0x000000070c000000| PB 0x000000070c000000| Untracked 
|  77|0x000000070c200000, 0x000000070c200000, 0x000000070c400000|  0%| F|  |TAMS 0x000000070c200000| PB 0x000000070c200000| Untracked 
|  78|0x000000070c400000, 0x000000070c400000, 0x000000070c600000|  0%| F|  |TAMS 0x000000070c400000| PB 0x000000070c400000| Untracked 
|  79|0x000000070c600000, 0x000000070c600000, 0x000000070c800000|  0%| F|  |TAMS 0x000000070c600000| PB 0x000000070c600000| Untracked 
|  80|0x000000070c800000, 0x000000070c800000, 0x000000070ca00000|  0%| F|  |TAMS 0x000000070c800000| PB 0x000000070c800000| Untracked 
|  81|0x000000070ca00000, 0x000000070ca00000, 0x000000070cc00000|  0%| F|  |TAMS 0x000000070ca00000| PB 0x000000070ca00000| Untracked 
|  82|0x000000070cc00000, 0x000000070cc00000, 0x000000070ce00000|  0%| F|  |TAMS 0x000000070cc00000| PB 0x000000070cc00000| Untracked 
|  83|0x000000070ce00000, 0x000000070ce00000, 0x000000070d000000|  0%| F|  |TAMS 0x000000070ce00000| PB 0x000000070ce00000| Untracked 
|  84|0x000000070d000000, 0x000000070d000000, 0x000000070d200000|  0%| F|  |TAMS 0x000000070d000000| PB 0x000000070d000000| Untracked 
|  85|0x000000070d200000, 0x000000070d200000, 0x000000070d400000|  0%| F|  |TAMS 0x000000070d200000| PB 0x000000070d200000| Untracked 
|  86|0x000000070d400000, 0x000000070d400000, 0x000000070d600000|  0%| F|  |TAMS 0x000000070d400000| PB 0x000000070d400000| Untracked 
|  87|0x000000070d600000, 0x000000070d600000, 0x000000070d800000|  0%| F|  |TAMS 0x000000070d600000| PB 0x000000070d600000| Untracked 
|  88|0x000000070d800000, 0x000000070d800000, 0x000000070da00000|  0%| F|  |TAMS 0x000000070d800000| PB 0x000000070d800000| Untracked 
|  89|0x000000070da00000, 0x000000070da00000, 0x000000070dc00000|  0%| F|  |TAMS 0x000000070da00000| PB 0x000000070da00000| Untracked 
|  90|0x000000070dc00000, 0x000000070dc00000, 0x000000070de00000|  0%| F|  |TAMS 0x000000070dc00000| PB 0x000000070dc00000| Untracked 
|  91|0x000000070de00000, 0x000000070de00000, 0x000000070e000000|  0%| F|  |TAMS 0x000000070de00000| PB 0x000000070de00000| Untracked 
|  92|0x000000070e000000, 0x000000070e000000, 0x000000070e200000|  0%| F|  |TAMS 0x000000070e000000| PB 0x000000070e000000| Untracked 
|  93|0x000000070e200000, 0x000000070e200000, 0x000000070e400000|  0%| F|  |TAMS 0x000000070e200000| PB 0x000000070e200000| Untracked 
|  94|0x000000070e400000, 0x000000070e400000, 0x000000070e600000|  0%| F|  |TAMS 0x000000070e400000| PB 0x000000070e400000| Untracked 
|  95|0x000000070e600000, 0x000000070e600000, 0x000000070e800000|  0%| F|  |TAMS 0x000000070e600000| PB 0x000000070e600000| Untracked 
|  96|0x000000070e800000, 0x000000070e800000, 0x000000070ea00000|  0%| F|  |TAMS 0x000000070e800000| PB 0x000000070e800000| Untracked 
|  97|0x000000070ea00000, 0x000000070ea00000, 0x000000070ec00000|  0%| F|  |TAMS 0x000000070ea00000| PB 0x000000070ea00000| Untracked 
|  98|0x000000070ec00000, 0x000000070ec00000, 0x000000070ee00000|  0%| F|  |TAMS 0x000000070ec00000| PB 0x000000070ec00000| Untracked 
|  99|0x000000070ee00000, 0x000000070ee00000, 0x000000070f000000|  0%| F|  |TAMS 0x000000070ee00000| PB 0x000000070ee00000| Untracked 
| 100|0x000000070f000000, 0x000000070f000000, 0x000000070f200000|  0%| F|  |TAMS 0x000000070f000000| PB 0x000000070f000000| Untracked 
| 101|0x000000070f200000, 0x000000070f200000, 0x000000070f400000|  0%| F|  |TAMS 0x000000070f200000| PB 0x000000070f200000| Untracked 
| 102|0x000000070f400000, 0x000000070f400000, 0x000000070f600000|  0%| F|  |TAMS 0x000000070f400000| PB 0x000000070f400000| Untracked 
| 103|0x000000070f600000, 0x000000070f600000, 0x000000070f800000|  0%| F|  |TAMS 0x000000070f600000| PB 0x000000070f600000| Untracked 
| 104|0x000000070f800000, 0x000000070f800000, 0x000000070fa00000|  0%| F|  |TAMS 0x000000070f800000| PB 0x000000070f800000| Untracked 
| 105|0x000000070fa00000, 0x000000070fa00000, 0x000000070fc00000|  0%| F|  |TAMS 0x000000070fa00000| PB 0x000000070fa00000| Untracked 
| 106|0x000000070fc00000, 0x000000070fc00000, 0x000000070fe00000|  0%| F|  |TAMS 0x000000070fc00000| PB 0x000000070fc00000| Untracked 
| 107|0x000000070fe00000, 0x000000070fe00000, 0x0000000710000000|  0%| F|  |TAMS 0x000000070fe00000| PB 0x000000070fe00000| Untracked 
| 108|0x0000000710000000, 0x0000000710000000, 0x0000000710200000|  0%| F|  |TAMS 0x0000000710000000| PB 0x0000000710000000| Untracked 
| 109|0x0000000710200000, 0x0000000710200000, 0x0000000710400000|  0%| F|  |TAMS 0x0000000710200000| PB 0x0000000710200000| Untracked 
| 110|0x0000000710400000, 0x0000000710400000, 0x0000000710600000|  0%| F|  |TAMS 0x0000000710400000| PB 0x0000000710400000| Untracked 
| 111|0x0000000710600000, 0x0000000710600000, 0x0000000710800000|  0%| F|  |TAMS 0x0000000710600000| PB 0x0000000710600000| Untracked 
| 112|0x0000000710800000, 0x0000000710800000, 0x0000000710a00000|  0%| F|  |TAMS 0x0000000710800000| PB 0x0000000710800000| Untracked 
| 113|0x0000000710a00000, 0x0000000710a00000, 0x0000000710c00000|  0%| F|  |TAMS 0x0000000710a00000| PB 0x0000000710a00000| Untracked 
| 114|0x0000000710c00000, 0x0000000710c00000, 0x0000000710e00000|  0%| F|  |TAMS 0x0000000710c00000| PB 0x0000000710c00000| Untracked 
| 115|0x0000000710e00000, 0x0000000710e00000, 0x0000000711000000|  0%| F|  |TAMS 0x0000000710e00000| PB 0x0000000710e00000| Untracked 
| 116|0x0000000711000000, 0x0000000711077d78, 0x0000000711200000| 23%| E|  |TAMS 0x0000000711000000| PB 0x0000000711000000| Complete 
| 117|0x0000000711200000, 0x0000000711400000, 0x0000000711400000|100%| E|CS|TAMS 0x0000000711200000| PB 0x0000000711200000| Complete 
| 118|0x0000000711400000, 0x0000000711600000, 0x0000000711600000|100%| E|CS|TAMS 0x0000000711400000| PB 0x0000000711400000| Complete 
| 119|0x0000000711600000, 0x0000000711800000, 0x0000000711800000|100%| E|CS|TAMS 0x0000000711600000| PB 0x0000000711600000| Complete 
| 120|0x0000000711800000, 0x0000000711a00000, 0x0000000711a00000|100%| E|CS|TAMS 0x0000000711800000| PB 0x0000000711800000| Complete 
| 121|0x0000000711a00000, 0x0000000711c00000, 0x0000000711c00000|100%| E|CS|TAMS 0x0000000711a00000| PB 0x0000000711a00000| Complete 
| 122|0x0000000711c00000, 0x0000000711e00000, 0x0000000711e00000|100%| E|CS|TAMS 0x0000000711c00000| PB 0x0000000711c00000| Complete 
| 123|0x0000000711e00000, 0x0000000712000000, 0x0000000712000000|100%| E|CS|TAMS 0x0000000711e00000| PB 0x0000000711e00000| Complete 
| 124|0x0000000712000000, 0x0000000712200000, 0x0000000712200000|100%| E|CS|TAMS 0x0000000712000000| PB 0x0000000712000000| Complete 
| 125|0x0000000712200000, 0x0000000712400000, 0x0000000712400000|100%| E|  |TAMS 0x0000000712200000| PB 0x0000000712200000| Complete 
| 126|0x0000000712400000, 0x0000000712600000, 0x0000000712600000|100%| E|CS|TAMS 0x0000000712400000| PB 0x0000000712400000| Complete 

Card table byte_map: [0x0000019c72ab0000,0x0000019c732a0000] _byte_map_base: 0x0000019c6f29c000

Marking Bits: (CMBitMap*) 0x0000019c69d36480
 Bits: [0x0000019c73a90000, 0x0000019c779f0000)

Polling page: 0x0000019c69480000

Metaspace:

Usage:
  Non-class:      4.43 MB used.
      Class:    568.38 KB used.
       Both:      4.99 MB used.

Virtual space:
  Non-class space:       64.00 MB reserved,       4.56 MB (  7%) committed,  1 nodes.
      Class space:        1.00 GB reserved,     704.00 KB ( <1%) committed,  1 nodes.
             Both:        1.06 GB reserved,       5.25 MB ( <1%) committed. 

Chunk freelists:
   Non-Class:  1.97 MB
       Class:  3.17 MB
        Both:  5.14 MB

MaxMetaspaceSize: unlimited
CompressedClassSpaceSize: 1.00 GB
Initial GC threshold: 21.00 MB
Current GC threshold: 21.00 MB
CDS: on
MetaspaceReclaimPolicy: balanced
 - commit_granule_bytes: 65536.
 - commit_granule_words: 8192.
 - virtual_space_node_default_size: 8388608.
 - enlarge_chunks_in_place: 1.
 - new_chunks_are_fully_committed: 0.
 - uncommit_free_chunks: 1.
 - use_allocation_guard: 0.


Internal statistics:

num_allocs_failed_limit: 0.
num_arena_births: 114.
num_arena_deaths: 0.
num_vsnodes_births: 2.
num_vsnodes_deaths: 0.
num_space_committed: 84.
num_space_uncommitted: 0.
num_chunks_returned_to_freelist: 0.
num_chunks_taken_from_freelist: 255.
num_chunk_merges: 0.
num_chunk_splits: 149.
num_chunks_enlarged: 102.
num_inconsistent_stats: 0.

CodeHeap 'non-profiled nmethods': size=120000Kb used=366Kb max_used=366Kb free=119634Kb
 bounds [0x0000019c07ad0000, 0x0000019c07d40000, 0x0000019c0f000000]
CodeHeap 'profiled nmethods': size=120000Kb used=1848Kb max_used=1848Kb free=118151Kb
 bounds [0x0000019c00000000, 0x0000019c00270000, 0x0000019c07530000]
CodeHeap 'non-nmethods': size=5760Kb used=1408Kb max_used=1434Kb free=4351Kb
 bounds [0x0000019c07530000, 0x0000019c077a0000, 0x0000019c07ad0000]
 total_blobs=1504 nmethods=1052 adapters=363
 compilation: enabled
              stopped_count=0, restarted_count=0
 full_count=0

Compilation events (20 events):
Event: 0.531 Thread 0x0000019c7a66def0 nmethod 1041 0x0000019c001c5910 code [0x0000019c001c5b40, 0x0000019c001c62b0]
Event: 0.531 Thread 0x0000019c7a66def0 1046       3       jdk.internal.loader.BuiltinClassLoader::getAndVerifyPackage (113 bytes)
Event: 0.532 Thread 0x0000019c7a66def0 nmethod 1046 0x0000019c001c6690 code [0x0000019c001c69a0, 0x0000019c001c79f8]
Event: 0.532 Thread 0x0000019c7a66def0 1042       3       java.util.jar.JavaUtilJarAccessImpl::ensureInitialization (5 bytes)
Event: 0.532 Thread 0x0000019c7a66def0 nmethod 1042 0x0000019c001c8010 code [0x0000019c001c81a0, 0x0000019c001c8368]
Event: 0.532 Thread 0x0000019c7a66def0 1043  s!   3       java.util.jar.JarFile::ensureInitialization (59 bytes)
Event: 0.532 Thread 0x0000019c7a66def0 nmethod 1043 0x0000019c001c8410 code [0x0000019c001c8640, 0x0000019c001c8de8]
Event: 0.532 Thread 0x0000019c7a66def0 1044       3       jdk.internal.loader.URLClassPath$JarLoader$2::getInputStream (15 bytes)
Event: 0.532 Thread 0x0000019c7a66def0 nmethod 1044 0x0000019c001c9110 code [0x0000019c001c92a0, 0x0000019c001c9480]
Event: 0.532 Thread 0x0000019c7a66def0 1045       3       jdk.internal.loader.URLClassPath$JarLoader$2::getBytes (48 bytes)
Event: 0.533 Thread 0x0000019c7a66def0 nmethod 1045 0x0000019c001c9590 code [0x0000019c001c9780, 0x0000019c001c9ea0]
Event: 0.533 Thread 0x0000019c7a66def0 1047       3       java.lang.invoke.LambdaForm$NamedFunction::returnType (11 bytes)
Event: 0.533 Thread 0x0000019c7a66def0 nmethod 1047 0x0000019c001ca110 code [0x0000019c001ca300, 0x0000019c001ca888]
Event: 0.537 Thread 0x0000019c7a66def0 1048       3       java.lang.invoke.DirectMethodHandle::preparedLambdaForm (6 bytes)
Event: 0.537 Thread 0x0000019c7a66def0 nmethod 1048 0x0000019c001caa90 code [0x0000019c001cac20, 0x0000019c001cad38]
Event: 0.537 Thread 0x0000019c7a66def0 1049       3       java.lang.Class::descriptorString (170 bytes)
Event: 0.538 Thread 0x0000019c7a66def0 nmethod 1049 0x0000019c001cae10 code [0x0000019c001cb260, 0x0000019c001ccb88]
Event: 0.538 Thread 0x0000019c7a66def0 1050       3       java.lang.invoke.MemberName::changeReferenceKind (46 bytes)
Event: 0.538 Thread 0x0000019c7a66def0 nmethod 1050 0x0000019c001cd590 code [0x0000019c001cd720, 0x0000019c001cd850]
Event: 0.538 Thread 0x0000019c7a66def0 1052       3       java.lang.invoke.MethodHandles$Lookup::checkSecurityManager (97 bytes)

GC Heap History (0 events):
No events

Dll operation events (12 events):
Event: 0.009 Loaded shared library C:\Users\kenny\.jdks\openjdk-20\bin\java.dll
Event: 0.020 Loaded shared library C:\Users\kenny\.jdks\openjdk-20\bin\jsvml.dll
Event: 0.104 Loaded shared library C:\Users\kenny\.jdks\openjdk-20\bin\zip.dll
Event: 0.106 Loaded shared library C:\Users\kenny\.jdks\openjdk-20\bin\instrument.dll
Event: 0.111 Loaded shared library C:\Users\kenny\.jdks\openjdk-20\bin\net.dll
Event: 0.113 Loaded shared library C:\Users\kenny\.jdks\openjdk-20\bin\nio.dll
Event: 0.115 Loaded shared library C:\Users\kenny\.jdks\openjdk-20\bin\zip.dll
Event: 0.163 Loaded shared library C:\Program Files\JetBrains\IntelliJ IDEA Community Edition 2022.3.3\bin\breakgen64.dll
Event: 0.172 Loaded shared library C:\Users\kenny\.jdks\openjdk-20\bin\extnet.dll
Event: 0.194 Loaded shared library C:\Users\kenny\.jdks\openjdk-20\bin\jimage.dll
Event: 0.445 Loaded shared library C:\Users\kenny\.jdks\openjdk-20\bin\management.dll
Event: 0.447 Loaded shared library C:\Users\kenny\.jdks\openjdk-20\bin\management_ext.dll

Deoptimization events (20 events):
Event: 0.475 Thread 0x0000019c69cc31a0 DEOPT PACKING pc=0x0000019c0017b447 sp=0x00000089947fe0c0
Event: 0.475 Thread 0x0000019c69cc31a0 DEOPT UNPACKING pc=0x0000019c0759a4c2 sp=0x00000089947fd540 mode 0
Event: 0.476 Thread 0x0000019c69cc31a0 DEOPT PACKING pc=0x0000019c0017b447 sp=0x00000089947fe0c0
Event: 0.476 Thread 0x0000019c69cc31a0 DEOPT UNPACKING pc=0x0000019c0759a4c2 sp=0x00000089947fd540 mode 0
Event: 0.495 Thread 0x0000019c7f1ef0a0 Uncommon trap: trap_request=0xffffff54 fr.pc=0x0000019c07b079dc relative=0x00000000000002bc
Event: 0.495 Thread 0x0000019c7f1ef0a0 Uncommon trap: reason=speculate_null_assert action=make_not_entrant pc=0x0000019c07b079dc method=jdk.internal.loader.URLClassPath.getLoader(I)Ljdk/internal/loader/URLClassPath$Loader; @ 41 c2
Event: 0.495 Thread 0x0000019c7f1ef0a0 DEOPT PACKING pc=0x0000019c07b079dc sp=0x0000008995dfe5c0
Event: 0.495 Thread 0x0000019c7f1ef0a0 DEOPT UNPACKING pc=0x0000019c07599d22 sp=0x0000008995dfe560 mode 2
Event: 0.496 Thread 0x0000019c7f1ef0a0 Uncommon trap: trap_request=0xffffff45 fr.pc=0x0000019c07b202a0 relative=0x0000000000000200
Event: 0.496 Thread 0x0000019c7f1ef0a0 Uncommon trap: reason=unstable_if action=reinterpret pc=0x0000019c07b202a0 method=java.io.WinNTFileSystem.normalize(Ljava/lang/String;)Ljava/lang/String; @ 128 c2
Event: 0.496 Thread 0x0000019c7f1ef0a0 DEOPT PACKING pc=0x0000019c07b202a0 sp=0x0000008995dfdfb0
Event: 0.496 Thread 0x0000019c7f1ef0a0 DEOPT UNPACKING pc=0x0000019c07599d22 sp=0x0000008995dfdf28 mode 2
Event: 0.515 Thread 0x0000019c7f1ef0a0 Uncommon trap: trap_request=0xffffffde fr.pc=0x0000019c07b22a60 relative=0x0000000000000cc0
Event: 0.515 Thread 0x0000019c7f1ef0a0 Uncommon trap: reason=class_check action=maybe_recompile pc=0x0000019c07b22a60 method=java.util.HashMap.putVal(ILjava/lang/Object;Ljava/lang/Object;ZZ)Ljava/lang/Object; @ 253 c2
Event: 0.515 Thread 0x0000019c7f1ef0a0 DEOPT PACKING pc=0x0000019c07b22a60 sp=0x0000008995dfd7b0
Event: 0.515 Thread 0x0000019c7f1ef0a0 DEOPT UNPACKING pc=0x0000019c07599d22 sp=0x0000008995dfd708 mode 2
Event: 0.533 Thread 0x0000019c7f1ef0a0 Uncommon trap: trap_request=0xffffffde fr.pc=0x0000019c07b22a60 relative=0x0000000000000cc0
Event: 0.533 Thread 0x0000019c7f1ef0a0 Uncommon trap: reason=class_check action=maybe_recompile pc=0x0000019c07b22a60 method=java.util.HashMap.putVal(ILjava/lang/Object;Ljava/lang/Object;ZZ)Ljava/lang/Object; @ 253 c2
Event: 0.533 Thread 0x0000019c7f1ef0a0 DEOPT PACKING pc=0x0000019c07b22a60 sp=0x0000008995dfd7b0
Event: 0.533 Thread 0x0000019c7f1ef0a0 DEOPT UNPACKING pc=0x0000019c07599d22 sp=0x0000008995dfd708 mode 2

Classes loaded (20 events):
Event: 0.488 Loading class java/util/regex/Pattern$BnM
Event: 0.488 Loading class java/util/regex/Pattern$BnM done
Event: 0.488 Loading class java/util/regex/Pattern$SliceS
Event: 0.488 Loading class java/util/regex/Pattern$SliceS done
Event: 0.490 Loading class java/lang/Thread$ThreadNumbering
Event: 0.490 Loading class java/lang/Thread$ThreadNumbering done
Event: 0.490 Loading class java/util/concurrent/LinkedBlockingDeque$Node
Event: 0.490 Loading class java/util/concurrent/LinkedBlockingDeque$Node done
Event: 0.491 Loading class java/lang/invoke/DirectMethodHandle$StaticAccessor
Event: 0.491 Loading class java/lang/invoke/DirectMethodHandle$StaticAccessor done
Event: 0.495 Loading class java/lang/Thread$Constants$1
Event: 0.495 Loading class java/lang/Thread$Constants$1 done
Event: 0.495 Loading class java/lang/Thread$Constants$2
Event: 0.495 Loading class java/lang/Thread$Constants$2 done
Event: 0.495 Loading class java/lang/Thread$Constants$2$1
Event: 0.495 Loading class java/lang/Thread$Constants$2$1 done
Event: 0.495 Loading class java/net/URLClassLoader$1
Event: 0.495 Loading class java/net/URLClassLoader$1 done
Event: 0.524 Loading class java/lang/annotation/ElementType
Event: 0.524 Loading class java/lang/annotation/ElementType done

Classes unloaded (0 events):
No events

Classes redefined (0 events):
No events

Internal exceptions (16 events):
Event: 0.157 Thread 0x0000019c69cc31a0 Exception <a 'java/lang/NoSuchMethodError'{0x0000000711ed7b68}: 'void java.lang.invoke.DirectMethodHandle$Holder.invokeStatic(java.lang.Object, java.lang.Object, java.lang.Object)'> (0x0000000711ed7b68) 
thrown [s\open\src\hotspot\share\interpreter\linkResolver.cpp, line 773]
Event: 0.160 Thread 0x0000019c69cc31a0 Exception <a 'java/lang/NoSuchMethodError'{0x0000000711eef070}: 'java.lang.Object java.lang.invoke.Invokers$Holder.invokeExact_MT(java.lang.Object, java.lang.Object, java.lang.Object, java.lang.Object, java.lang.Object)'> (0x0000000711eef070) 
thrown [s\open\src\hotspot\share\interpreter\linkResolver.cpp, line 773]
Event: 0.173 Thread 0x0000019c7eddb9f0 Exception <a 'java/lang/NoSuchMethodError'{0x0000000711f16860}: 'void java.lang.invoke.DirectMethodHandle$Holder.invokeStatic(java.lang.Object, java.lang.Object)'> (0x0000000711f16860) 
thrown [s\open\src\hotspot\share\interpreter\linkResolver.cpp, line 773]
Event: 0.236 Thread 0x0000019c69cc31a0 Exception <a 'java/lang/ClassNotFoundException'{0x0000000711d419b0}: javax/smartcardio/CardPermission> (0x0000000711d419b0) 
thrown [s\open\src\hotspot\share\classfile\systemDictionary.cpp, line 305]
Event: 0.238 Thread 0x0000019c69cc31a0 Exception <a 'java/io/FileNotFoundException'{0x0000000711d4fe10}> (0x0000000711d4fe10) 
thrown [s\open\src\hotspot\share\prims\jni.cpp, line 519]
Event: 0.326 Thread 0x0000019c69cc31a0 Exception <a 'java/lang/NoSuchMethodError'{0x0000000711b72800}: 'void java.lang.invoke.DirectMethodHandle$Holder.invokeStatic(java.lang.Object, java.lang.Object, java.lang.Object, java.lang.Object)'> (0x0000000711b72800) 
thrown [s\open\src\hotspot\share\interpreter\linkResolver.cpp, line 773]
Event: 0.360 Thread 0x0000019c69cc31a0 Exception <a 'java/lang/NoSuchMethodError'{0x0000000711892c60}: 'int java.lang.invoke.DirectMethodHandle$Holder.invokeStaticInit(java.lang.Object, java.lang.Object)'> (0x0000000711892c60) 
thrown [s\open\src\hotspot\share\interpreter\linkResolver.cpp, line 773]
Event: 0.414 Thread 0x0000019c69cc31a0 Exception <a 'java/lang/NoSuchMethodError'{0x000000071168e538}: 'java.lang.Object java.lang.invoke.DirectMethodHandle$Holder.invokeInterface(java.lang.Object, java.lang.Object)'> (0x000000071168e538) 
thrown [s\open\src\hotspot\share\interpreter\linkResolver.cpp, line 773]
Event: 0.419 Thread 0x0000019c69cc31a0 Exception <a 'java/lang/NoSuchMethodError'{0x00000007116cccc8}: 'java.lang.Object java.lang.invoke.DirectMethodHandle$Holder.invokeSpecialIFC(java.lang.Object, java.lang.Object, java.lang.Object, java.lang.Object)'> (0x00000007116cccc8) 
thrown [s\open\src\hotspot\share\interpreter\linkResolver.cpp, line 773]
Event: 0.422 Thread 0x0000019c69cc31a0 Exception <a 'java/lang/NoSuchMethodError'{0x00000007116eae00}: 'java.lang.Object java.lang.invoke.DirectMethodHandle$Holder.invokeInterface(java.lang.Object, java.lang.Object, java.lang.Object)'> (0x00000007116eae00) 
thrown [s\open\src\hotspot\share\interpreter\linkResolver.cpp, line 773]
Event: 0.451 Thread 0x0000019c69cc31a0 Exception <a 'java/lang/NoSuchMethodError'{0x0000000711402c90}: 'int java.lang.invoke.DirectMethodHandle$Holder.invokeSpecial(java.lang.Object, java.lang.Object, java.lang.Object)'> (0x0000000711402c90) 
thrown [s\open\src\hotspot\share\interpreter\linkResolver.cpp, line 773]
Event: 0.496 Thread 0x0000019c7f1ef0a0 Exception <a 'java/lang/NoSuchMethodError'{0x0000000711275670}: 'void java.lang.invoke.DirectMethodHandle$Holder.invokeSpecial(java.lang.Object, java.lang.Object, java.lang.Object)'> (0x0000000711275670) 
thrown [s\open\src\hotspot\share\interpreter\linkResolver.cpp, line 773]
Event: 0.517 Thread 0x0000019c7f1ef0a0 Exception <a 'java/lang/NoSuchMethodError'{0x0000000711358da0}: 'int java.lang.invoke.DirectMethodHandle$Holder.invokeStaticInit(java.lang.Object, java.lang.Object, java.lang.Object)'> (0x0000000711358da0) 
thrown [s\open\src\hotspot\share\interpreter\linkResolver.cpp, line 773]
Event: 0.521 Thread 0x0000019c7f1ef0a0 Exception <a 'java/lang/NoSuchMethodError'{0x0000000711382c68}: 'java.lang.Object java.lang.invoke.DirectMethodHandle$Holder.invokeVirtual(java.lang.Object, java.lang.Object, java.lang.Object)'> (0x0000000711382c68) 
thrown [s\open\src\hotspot\share\interpreter\linkResolver.cpp, line 773]
Event: 0.525 Thread 0x0000019c7f1ef0a0 Exception <a 'java/lang/NoSuchMethodError'{0x00000007113b43b8}: 'java.lang.Object java.lang.invoke.DirectMethodHandle$Holder.newInvokeSpecial(java.lang.Object, java.lang.Object, java.lang.Object, java.lang.Object, java.lang.Object)'> (0x00000007113b43b8) 
thrown [s\open\src\hotspot\share\interpreter\linkResolver.cpp, line 773]
Event: 0.532 Thread 0x0000019c7f1ef0a0 Exception <a 'java/lang/NoSuchMethodError'{0x00000007113fcb20}: 'java.lang.Object java.lang.invoke.DirectMethodHandle$Holder.invokeStaticInit(java.lang.Object, java.lang.Object, java.lang.Object)'> (0x00000007113fcb20) 
thrown [s\open\src\hotspot\share\interpreter\linkResolver.cpp, line 773]

VM Operations (10 events):
Event: 0.093 Executing VM operation: HandshakeAllThreads
Event: 0.093 Executing VM operation: HandshakeAllThreads done
Event: 0.167 Executing VM operation: HandshakeAllThreads
Event: 0.167 Executing VM operation: HandshakeAllThreads done
Event: 0.199 Executing VM operation: HandshakeAllThreads
Event: 0.199 Executing VM operation: HandshakeAllThreads done
Event: 0.281 Executing VM operation: HandshakeAllThreads
Event: 0.281 Executing VM operation: HandshakeAllThreads done
Event: 0.411 Executing VM operation: HandshakeAllThreads
Event: 0.411 Executing VM operation: HandshakeAllThreads done

Events (16 events):
Event: 0.020 Thread 0x0000019c69cc31a0 Thread added: 0x0000019c69cc31a0
Event: 0.035 Thread 0x0000019c7a6558d0 Thread added: 0x0000019c7a6558d0
Event: 0.035 Thread 0x0000019c7a656410 Thread added: 0x0000019c7a656410
Event: 0.036 Thread 0x0000019c7a65bf10 Thread added: 0x0000019c7a65bf10
Event: 0.036 Thread 0x0000019c7a65e860 Thread added: 0x0000019c7a65e860
Event: 0.036 Thread 0x0000019c7a65f1a0 Thread added: 0x0000019c7a65f1a0
Event: 0.036 Thread 0x0000019c7a669030 Thread added: 0x0000019c7a669030
Event: 0.036 Thread 0x0000019c7a66d570 Thread added: 0x0000019c7a66d570
Event: 0.036 Thread 0x0000019c7a66def0 Thread added: 0x0000019c7a66def0
Event: 0.087 Thread 0x0000019c7a623980 Thread added: 0x0000019c7a623980
Event: 0.135 Thread 0x0000019c7ea39e20 Thread added: 0x0000019c7ea39e20
Event: 0.141 Thread 0x0000019c7ea4bb50 Thread added: 0x0000019c7ea4bb50
Event: 0.164 Thread 0x0000019c7eddb9f0 Thread added: 0x0000019c7eddb9f0
Event: 0.164 Thread 0x0000019c7eddbf40 Thread added: 0x0000019c7eddbf40
Event: 0.493 Thread 0x0000019c7f0439c0 Thread added: 0x0000019c7f0439c0
Event: 0.494 Thread 0x0000019c7f1ef0a0 Thread added: 0x0000019c7f1ef0a0


Dynamic libraries:
0x00007ff613db0000 - 0x00007ff613dbe000 	C:\Users\kenny\.jdks\openjdk-20\bin\java.exe
0x00007ffc05450000 - 0x00007ffc05664000 	C:\Windows\SYSTEM32\ntdll.dll
0x00007ffc041c0000 - 0x00007ffc04282000 	C:\Windows\System32\KERNEL32.DLL
0x00007ffc02e90000 - 0x00007ffc0322c000 	C:\Windows\System32\KERNELBASE.dll
0x00007ffc02950000 - 0x00007ffc02a61000 	C:\Windows\System32\ucrtbase.dll
0x00007ffbfc2d0000 - 0x00007ffbfc2e7000 	C:\Users\kenny\.jdks\openjdk-20\bin\jli.dll
0x00007ffbdd820000 - 0x00007ffbdd83b000 	C:\Users\kenny\.jdks\openjdk-20\bin\VCRUNTIME140.dll
0x00007ffc05020000 - 0x00007ffc051cb000 	C:\Windows\System32\USER32.dll
0x00007ffc03230000 - 0x00007ffc03256000 	C:\Windows\System32\win32u.dll
0x00007ffc04180000 - 0x00007ffc041a9000 	C:\Windows\System32\GDI32.dll
0x00007ffbe2c20000 - 0x00007ffbe2eae000 	C:\Windows\WinSxS\amd64_microsoft.windows.common-controls_6595b64144ccf1df_6.0.22621.608_none_a9444ca7c10bb01d\COMCTL32.dll
0x00007ffc02a70000 - 0x00007ffc02b83000 	C:\Windows\System32\gdi32full.dll
0x00007ffc03c40000 - 0x00007ffc03ce7000 	C:\Windows\System32\msvcrt.dll
0x00007ffc02d70000 - 0x00007ffc02e0a000 	C:\Windows\System32\msvcp_win.dll
0x00007ffc04440000 - 0x00007ffc04471000 	C:\Windows\System32\IMM32.DLL
0x00007ffbfc2c0000 - 0x00007ffbfc2cc000 	C:\Users\kenny\.jdks\openjdk-20\bin\vcruntime140_1.dll
0x00007ffbb2e80000 - 0x00007ffbb2f0e000 	C:\Users\kenny\.jdks\openjdk-20\bin\msvcp140.dll
0x00007ffbb1970000 - 0x00007ffbb2607000 	C:\Users\kenny\.jdks\openjdk-20\bin\server\jvm.dll
0x00007ffc03b00000 - 0x00007ffc03bae000 	C:\Windows\System32\ADVAPI32.dll
0x00007ffc03440000 - 0x00007ffc034e4000 	C:\Windows\System32\sechost.dll
0x00007ffc052f0000 - 0x00007ffc05407000 	C:\Windows\System32\RPCRT4.dll
0x00007ffbfaf60000 - 0x00007ffbfaf94000 	C:\Windows\SYSTEM32\WINMM.dll
0x00007ffbfbea0000 - 0x00007ffbfbea9000 	C:\Windows\SYSTEM32\WSOCK32.dll
0x00007ffbfa170000 - 0x00007ffbfa17a000 	C:\Windows\SYSTEM32\VERSION.dll
0x00007ffc04080000 - 0x00007ffc040f1000 	C:\Windows\System32\WS2_32.dll
0x00007ffc018e0000 - 0x00007ffc018f8000 	C:\Windows\SYSTEM32\kernel.appcore.dll
0x00007ffbe54e0000 - 0x00007ffbe54ea000 	C:\Users\kenny\.jdks\openjdk-20\bin\jimage.dll
0x00007ffbed300000 - 0x00007ffbed52e000 	C:\Windows\SYSTEM32\DBGHELP.DLL
0x00007ffc03cf0000 - 0x00007ffc04079000 	C:\Windows\System32\combase.dll
0x00007ffc03260000 - 0x00007ffc03337000 	C:\Windows\System32\OLEAUT32.dll
0x00007ffbed720000 - 0x00007ffbed752000 	C:\Windows\SYSTEM32\dbgcore.DLL
0x00007ffc02e10000 - 0x00007ffc02e8b000 	C:\Windows\System32\bcryptPrimitives.dll
0x00007ffbddf40000 - 0x00007ffbddf4e000 	C:\Users\kenny\.jdks\openjdk-20\bin\instrument.dll
0x00007ffbdd7f0000 - 0x00007ffbdd816000 	C:\Users\kenny\.jdks\openjdk-20\bin\java.dll
0x00007ffbb1890000 - 0x00007ffbb1967000 	C:\Users\kenny\.jdks\openjdk-20\bin\jsvml.dll
0x00007ffc04720000 - 0x00007ffc04f10000 	C:\Windows\System32\SHELL32.dll
0x00007ffc008a0000 - 0x00007ffc0116d000 	C:\Windows\SYSTEM32\windows.storage.dll
0x00007ffc00760000 - 0x00007ffc0089e000 	C:\Windows\SYSTEM32\wintypes.dll
0x00007ffc03340000 - 0x00007ffc03431000 	C:\Windows\System32\SHCORE.dll
0x00007ffc04f10000 - 0x00007ffc04f6e000 	C:\Windows\System32\shlwapi.dll
0x00007ffc027c0000 - 0x00007ffc027e1000 	C:\Windows\SYSTEM32\profapi.dll
0x00007ffbc9a80000 - 0x00007ffbc9a98000 	C:\Users\kenny\.jdks\openjdk-20\bin\zip.dll
0x00007ffbdd7d0000 - 0x00007ffbdd7e3000 	C:\Users\kenny\.jdks\openjdk-20\bin\net.dll
0x00007ffbfb870000 - 0x00007ffbfb9a7000 	C:\Windows\SYSTEM32\WINHTTP.dll
0x00007ffc01dc0000 - 0x00007ffc01e29000 	C:\Windows\system32\mswsock.dll
0x00007ffbc9aa0000 - 0x00007ffbc9ab6000 	C:\Users\kenny\.jdks\openjdk-20\bin\nio.dll
0x00007ffbc9ac0000 - 0x00007ffbc9ada000 	C:\Program Files\JetBrains\IntelliJ IDEA Community Edition 2022.3.3\bin\breakgen64.dll
0x00007ffbdec00000 - 0x00007ffbdec07000 	C:\Users\kenny\.jdks\openjdk-20\bin\extnet.dll
0x00007ffbddec0000 - 0x00007ffbddeca000 	C:\Users\kenny\.jdks\openjdk-20\bin\management.dll
0x00007ffbdda40000 - 0x00007ffbdda4b000 	C:\Users\kenny\.jdks\openjdk-20\bin\management_ext.dll
0x00007ffc044d0000 - 0x00007ffc044d8000 	C:\Windows\System32\PSAPI.DLL

dbghelp: loaded successfully - version: 4.0.5 - missing functions: none
symbol engine: initialized successfully - sym options: 0x614 - pdb path: .;C:\Users\kenny\.jdks\openjdk-20\bin;C:\Windows\SYSTEM32;C:\Windows\WinSxS\amd64_microsoft.windows.common-controls_6595b64144ccf1df_6.0.22621.608_none_a9444ca7c10bb01d;C:\Users\kenny\.jdks\openjdk-20\bin\server;C:\Program Files\JetBrains\IntelliJ IDEA Community Edition 2022.3.3\bin

VM Arguments:
jvm_args: -javaagent:C:\Program Files\JetBrains\IntelliJ IDEA Community Edition 2022.3.3\lib\idea_rt.jar=49992:C:\Program Files\JetBrains\IntelliJ IDEA Community Edition 2022.3.3\bin -Dfile.encoding=UTF-8 -Dsun.stdout.encoding=UTF-8 -Dsun.stderr.encoding=UTF-8 
java_command: com.example.Javatest.JavatestApplication
java_class_path (initial): C:\Users\kenny\OneDrive\Escritorio\Javatest\target\classes;C:\Users\kenny\.m2\repository\org\springframework\boot\spring-boot-starter-data-jpa\3.0.5\spring-boot-starter-data-jpa-3.0.5.jar;C:\Users\kenny\.m2\repository\org\springframework\boot\spring-boot-starter-aop\3.0.5\spring-boot-starter-aop-3.0.5.jar;C:\Users\kenny\.m2\repository\org\springframework\spring-aop\6.0.7\spring-aop-6.0.7.jar;C:\Users\kenny\.m2\repository\org\aspectj\aspectjweaver\1.9.19\aspectjweaver-1.9.19.jar;C:\Users\kenny\.m2\repository\org\springframework\boot\spring-boot-starter-jdbc\3.0.5\spring-boot-starter-jdbc-3.0.5.jar;C:\Users\kenny\.m2\repository\com\zaxxer\HikariCP\5.0.1\HikariCP-5.0.1.jar;C:\Users\kenny\.m2\repository\org\springframework\spring-jdbc\6.0.7\spring-jdbc-6.0.7.jar;C:\Users\kenny\.m2\repository\org\hibernate\orm\hibernate-core\6.1.7.Final\hibernate-core-6.1.7.Final.jar;C:\Users\kenny\.m2\repository\jakarta\persistence\jakarta.persistence-api\3.1.0\jakarta.persistence-api-3.1.0.jar;C:\Users\kenny\.m2\repository\jakarta\transaction\jakarta.transaction-api\2.0.1\jakarta.transaction-api-2.0.1.jar;C:\Users\kenny\.m2\repository\org\jboss\logging\jboss-logging\3.5.0.Final\jboss-logging-3.5.0.Final.jar;C:\Users\kenny\.m2\repository\org\hibernate\common\hibernate-commons-annotations\6.0.6.Final\hibernate-commons-annotations-6.0.6.Final.jar;C:\Users\kenny\.m2\repository\org\jboss\jandex\2.4.2.Final\jandex-2.4.2.Final.jar;C:\Users\kenny\.m2\repository\com\fasterxml\classmate\1.5.1\classmate-1.5.1.jar;C:\Users\kenny\.m2\repository\net\bytebuddy\byte-buddy\1.12.23\byte-buddy-1.12.23.jar;C:\Users\kenny\.m2\repository\org\glassfish\jaxb\jaxb-runtime\4.0.2\jaxb-runtime-4.0.2.jar;C:\Users\kenny\.m2\repository\org\glassfish\jaxb\jaxb-core\4.0.2\jaxb-core-4.0.2.jar;C:\Users\kenny\.m2\repository\org\eclipse\angus\angus-activation\2.0.0\angus-activation-2.0.0.jar;C:\Users\kenny\.m2\repository\org\glassfish\jaxb\txw2\4.0.2\txw2-4.0.2.jar;C:\Users\kenny\.m2\repository\com\sun\istack\istack-commons-runtime\4.1.1\istack-commons-runtime-4.1.1.jar;C:\Users\kenny\.m2\repository\jakarta\inject\jakarta.inject-api\2.0.0\jakarta.inject-api-2.0.0.jar;C:\Users\kenny\.m2\repository\org\antlr\antlr4-runtime\4.10.1\antlr4-runtime-4.10.1.jar;C:\Users\kenny\.m2\repository\org\springframework\data\spring-data-jpa\3.0.4\spring-data-jpa-3.0.4.jar;C:\Users\kenny\.m2\repository\org\springframework\data\spring-data-commons\3.0.4\spring-data-commons-3.0.4.jar;C:\Users\kenny\.m2\repository\org\springframework\spring-orm\6.0.7\spring-orm-6.0.7.jar;C:\Users\kenny\.m2\repository\org\springframework\spring-context\6.0.7\spring-context-6.0.7.jar;C:\Users\kenny\.m2\repository\org\springframework\spring-tx\6.0.7\spring-tx-6.0.7.jar;C:\Users\kenny\.m2\repository\org\springframework\spring-beans\6.0.7\spring-beans-6.0.7.jar;C:\Users\kenny\.m2\repository\jakarta\annotation\jakarta.annotation-api\2.1.1\jakarta.annotation-api-2.1.1.jar;C:\Users\kenny\.m2\repository\org\slf4j\slf4j-api\2.0.7\slf4j-api-2.0.7.jar;C:\Users\kenny\.m2\repository\org\springframework\spring-aspects\6.0.7\spring-aspects-6.0.7.jar;C:\Users\kenny\.m2\repository\org\springframework\boot\spring-boot-starter-web\3.0.5\spring-boot-starter-web-3.0.5.jar;C:\Users\kenny\.m2\repository\org\springframework\boot\spring-boot-starter\3.0.5\spring-boot-starter-3.0.5.jar;C:\Users\kenny\.m2\repository\org\springframework\boot\spring-boot-starter-logging\3.0.5\spring-boot-starter-logging-3.0.5.jar;C:\Users\kenny\.m2\repository\ch\qos\logback\logback-classic\1.4.6\logback-classic-1.4.6.jar;C:\Users\kenny\.m2\repository\ch\qos\logback\logback-core\1.4.6\logback-core-1.4.6.jar;C:\Users\kenny\.m2\repository\org\apache\logging\log4j\log4j-to-slf4j\2.19.0\log4j-to-slf4j-2.19.0.jar;C:\Users\kenny\.m2\repository\org\apache\logging\log4j\log4j-api\2.19.0\log4j-api-2.19.0.jar;C:\Users\kenny\.m2\repository\org\slf4j\jul-to-slf4j\2.0.7\jul-to-slf4j-2.0.7.jar;C:\Users\kenny\.m2\repository\org\yaml\snakeyaml\1.33\snakeyaml-1.33.jar;C:\Users\kenny\.m2\repository\org\springframework\boot\spring-boot-starter-json\3.0.5\spring-boot-starter-json-3.0.5.jar;C:\Users\kenny\.m2\repository\com\fasterxml\jackson\core\jackson-databind\2.14.2\jackson-databind-2.14.2.jar;C:\Users\kenny\.m2\repository\com\fasterxml\jackson\core\jackson-annotations\2.14.2\jackson-annotations-2.14.2.jar;C:\Users\kenny\.m2\repository\com\fasterxml\jackson\core\jackson-core\2.14.2\jackson-core-2.14.2.jar;C:\Users\kenny\.m2\repository\com\fasterxml\jackson\datatype\jackson-datatype-jdk8\2.14.2\jackson-datatype-jdk8-2.14.2.jar;C:\Users\kenny\.m2\repository\com\fasterxml\jackson\datatype\jackson-datatype-jsr310\2.14.2\jackson-datatype-jsr310-2.14.2.jar;C:\Users\kenny\.m2\repository\com\fasterxml\jackson\module\jackson-module-parameter-names\2.14.2\jackson-module-parameter-names-2.14.2.jar;C:\Users\kenny\.m2\repository\org\springframework\boot\spring-boot-starter-tomcat\3.0.5\spring-boot-starter-tomcat-3.0.5.jar;C:\Users\kenny\.m2\repository\org\apache\tomcat\embed\tomcat-embed-core\10.1.7\tomcat-embed-core-10.1.7.jar;C:\Users\kenny\.m2\repository\org\apache\tomcat\embed\tomcat-embed-el\10.1.7\tomcat-embed-el-10.1.7.jar;C:\Users\kenny\.m2\repository\org\apache\tomcat\embed\tomcat-embed-websocket\10.1.7\tomcat-embed-websocket-10.1.7.jar;C:\Users\kenny\.m2\repository\org\springframework\spring-web\6.0.7\spring-web-6.0.7.jar;C:\Users\kenny\.m2\repository\io\micrometer\micrometer-observation\1.10.5\micrometer-observation-1.10.5.jar;C:\Users\kenny\.m2\repository\io\micrometer\micrometer-commons\1.10.5\micrometer-commons-1.10.5.jar;C:\Users\kenny\.m2\repository\org\springframework\spring-webmvc\6.0.7\spring-webmvc-6.0.7.jar;C:\Users\kenny\.m2\repository\org\springframework\spring-expression\6.0.7\spring-expression-6.0.7.jar;C:\Users\kenny\.m2\repository\org\springframework\boot\spring-boot-devtools\3.0.5\spring-boot-devtools-3.0.5.jar;C:\Users\kenny\.m2\repository\org\springframework\boot\spring-boot\3.0.5\spring-boot-3.0.5.jar;C:\Users\kenny\.m2\repository\org\springframework\boot\spring-boot-autoconfigure\3.0.5\spring-boot-autoconfigure-3.0.5.jar;C:\Users\kenny\.m2\repository\com\h2database\h2\2.1.214\h2-2.1.214.jar;C:\Users\kenny\.m2\repository\jakarta\xml\bind\jakarta.xml.bind-api\4.0.0\jakarta.xml.bind-api-4.0.0.jar;C:\Users\kenny\.m2\repository\jakarta\activation\jakarta.activation-api\2.1.1\jakarta.activation-api-2.1.1.jar;C:\Users\kenny\.m2\repository\org\springframework\spring-core\6.0.7\spring-core-6.0.7.jar;C:\Users\kenny\.m2\repository\org\springframework\spring-jcl\6.0.7\spring-jcl-6.0.7.jar;C:\Users\kenny\.m2\repository\org\jetbrains\annotations\24.0.1\annotations-24.0.1.jar
Launcher Type: SUN_STANDARD

[Global flags]
     intx CICompilerCount                          = 4                                         {product} {ergonomic}
     uint ConcGCThreads                            = 3                                         {product} {ergonomic}
     uint G1ConcRefinementThreads                  = 10                                        {product} {ergonomic}
   size_t G1HeapRegionSize                         = 2097152                                   {product} {ergonomic}
    uintx GCDrainStackTargetSize                   = 64                                        {product} {ergonomic}
   size_t InitialHeapSize                          = 266338304                                 {product} {ergonomic}
   size_t MarkStackSize                            = 4194304                                   {product} {ergonomic}
   size_t MaxHeapSize                              = 4253024256                                {product} {ergonomic}
   size_t MaxNewSize                               = 2550136832                                {product} {ergonomic}
   size_t MinHeapDeltaBytes                        = 2097152                                   {product} {ergonomic}
   size_t MinHeapSize                              = 8388608                                   {product} {ergonomic}
    uintx NonNMethodCodeHeapSize                   = 5839372                                {pd product} {ergonomic}
    uintx NonProfiledCodeHeapSize                  = 122909434                              {pd product} {ergonomic}
    uintx ProfiledCodeHeapSize                     = 122909434                              {pd product} {ergonomic}
    uintx ReservedCodeCacheSize                    = 251658240                              {pd product} {ergonomic}
     bool SegmentedCodeCache                       = true                                      {product} {ergonomic}
   size_t SoftMaxHeapSize                          = 4253024256                             {manageable} {ergonomic}
     bool UseCompressedClassPointers               = true                           {product lp64_product} {ergonomic}
     bool UseCompressedOops                        = true                           {product lp64_product} {ergonomic}
     bool UseG1GC                                  = true                                      {product} {ergonomic}
     bool UseLargePagesIndividualAllocation        = false                                  {pd product} {ergonomic}

Logging:
Log output configuration:
 #0: stdout all=warning uptime,level,tags foldmultilines=false
 #1: stderr all=off uptime,level,tags foldmultilines=false

Environment Variables:
PATH=C:\Program Files\Common Files\Oracle\Java\javapath;C:\Program Files (x86)\Common Files\Oracle\Java\javapath;C:\Windows\system32;C:\Windows;C:\Windows\System32\Wbem;C:\Windows\System32\WindowsPowerShell\v1.0\;C:\Windows\System32\OpenSSH\;C:\Program Files\NVIDIA Corporation\NVIDIA NvDLISR;C:\Program Files (x86)\NVIDIA Corporation\PhysX\Common;C:\Users\kenny\AppData\Local\Microsoft\WindowsApps;
USERNAME=kenny
OS=Windows_NT
PROCESSOR_IDENTIFIER=Intel64 Family 6 Model 158 Stepping 10, GenuineIntel
TMP=C:\Users\kenny\AppData\Local\Temp
TEMP=C:\Users\kenny\AppData\Local\Temp




---------------  S Y S T E M  ---------------

OS:
 Windows 11 , 64 bit Build 22621 (10.0.22621.1485)
OS uptime: 2 days 14:58 hours

CPU: total 12 (initial active 12) (6 cores per cpu, 2 threads per core) family 6 model 158 stepping 10 microcode 0xde, cx8, cmov, fxsr, ht, mmx, 3dnowpref, sse, sse2, sse3, ssse3, sse4.1, sse4.2, popcnt, lzcnt, tsc, tscinvbit, avx, avx2, aes, erms, clmul, bmi1, bmi2, adx, fma, vzeroupper, clflush, clflushopt, rdtscp, f16c

Memory: 4k page, system-wide physical 16221M (6783M free)
TotalPageFile size 24157M (AvailPageFile size 10167M)
current process WorkingSet (physical memory assigned to process): 70M, peak: 70M
current process commit charge ("private bytes"): 358M, peak: 358M

vm_info: OpenJDK 64-Bit Server VM (20+36-2344) for windows-amd64 JRE (20+36-2344), built on 2023-02-10T19:30:15Z by "mach5one" with MS VC++ 17.1 (VS2022)

END.
